2025-02-24 07:42:04 startup archives unpack
2025-02-24 07:42:04 upgrade libc6-dev:arm64 2.31-0ubuntu9.16 2.31-0ubuntu9.17
2025-02-24 07:42:04 status half-configured libc6-dev:arm64 2.31-0ubuntu9.16
2025-02-24 07:42:04 status unpacked libc6-dev:arm64 2.31-0ubuntu9.16
2025-02-24 07:42:04 status half-installed libc6-dev:arm64 2.31-0ubuntu9.16
2025-02-24 07:42:05 status unpacked libc6-dev:arm64 2.31-0ubuntu9.17
2025-02-24 07:42:06 upgrade libc-dev-bin:arm64 2.31-0ubuntu9.16 2.31-0ubuntu9.17
2025-02-24 07:42:06 status half-configured libc-dev-bin:arm64 2.31-0ubuntu9.16
2025-02-24 07:42:06 status unpacked libc-dev-bin:arm64 2.31-0ubuntu9.16
2025-02-24 07:42:06 status half-installed libc-dev-bin:arm64 2.31-0ubuntu9.16
2025-02-24 07:42:06 status unpacked libc-dev-bin:arm64 2.31-0ubuntu9.17
2025-02-24 07:42:07 upgrade linux-libc-dev:arm64 5.4.0-193.213 5.4.0-205.225
2025-02-24 07:42:07 status half-configured linux-libc-dev:arm64 5.4.0-193.213
2025-02-24 07:42:07 status unpacked linux-libc-dev:arm64 5.4.0-193.213
2025-02-24 07:42:07 status half-installed linux-libc-dev:arm64 5.4.0-193.213
2025-02-24 07:42:08 status unpacked linux-libc-dev:arm64 5.4.0-205.225
2025-02-24 07:42:09 upgrade libc6:arm64 2.31-0ubuntu9.16 2.31-0ubuntu9.17
2025-02-24 07:42:09 status triggers-pending libc-bin:arm64 2.31-0ubuntu9.16
2025-02-24 07:42:09 status half-configured libc6:arm64 2.31-0ubuntu9.16
2025-02-24 07:42:09 status unpacked libc6:arm64 2.31-0ubuntu9.16
2025-02-24 07:42:09 status half-installed libc6:arm64 2.31-0ubuntu9.16
2025-02-24 07:42:12 status unpacked libc6:arm64 2.31-0ubuntu9.17
2025-02-24 07:42:13 startup packages configure
2025-02-24 07:42:13 configure libc6:arm64 2.31-0ubuntu9.17 <none>
2025-02-24 07:42:13 status unpacked libc6:arm64 2.31-0ubuntu9.17
2025-02-24 07:42:13 status half-configured libc6:arm64 2.31-0ubuntu9.17
2025-02-24 07:42:16 status installed libc6:arm64 2.31-0ubuntu9.17
2025-02-24 07:42:16 startup archives unpack
2025-02-24 07:42:17 upgrade locales:all 2.31-0ubuntu9.16 2.31-0ubuntu9.17
2025-02-24 07:42:17 status half-configured locales:all 2.31-0ubuntu9.16
2025-02-24 07:42:17 status unpacked locales:all 2.31-0ubuntu9.16
2025-02-24 07:42:17 status half-installed locales:all 2.31-0ubuntu9.16
2025-02-24 07:42:19 status unpacked locales:all 2.31-0ubuntu9.17
2025-02-24 07:42:19 upgrade libc-bin:arm64 2.31-0ubuntu9.16 2.31-0ubuntu9.17
2025-02-24 07:42:19 status half-configured libc-bin:arm64 2.31-0ubuntu9.16
2025-02-24 07:42:19 status unpacked libc-bin:arm64 2.31-0ubuntu9.16
2025-02-24 07:42:20 status half-installed libc-bin:arm64 2.31-0ubuntu9.16
2025-02-24 07:42:20 status unpacked libc-bin:arm64 2.31-0ubuntu9.17
2025-02-24 07:42:21 startup packages configure
2025-02-24 07:42:21 configure libc-bin:arm64 2.31-0ubuntu9.17 <none>
2025-02-24 07:42:21 status unpacked libc-bin:arm64 2.31-0ubuntu9.17
2025-02-24 07:42:21 status half-configured libc-bin:arm64 2.31-0ubuntu9.17
2025-02-24 07:42:24 status installed libc-bin:arm64 2.31-0ubuntu9.17
2025-02-24 07:42:24 startup archives unpack
2025-02-24 07:42:25 upgrade logsave:arm64 1.45.5-2ubuntu1.1 1.45.5-2ubuntu1.2
2025-02-24 07:42:25 status half-configured logsave:arm64 1.45.5-2ubuntu1.1
2025-02-24 07:42:25 status unpacked logsave:arm64 1.45.5-2ubuntu1.1
2025-02-24 07:42:25 status half-installed logsave:arm64 1.45.5-2ubuntu1.1
2025-02-24 07:42:25 status unpacked logsave:arm64 1.45.5-2ubuntu1.2
2025-02-24 07:42:26 upgrade libext2fs2:arm64 1.45.5-2ubuntu1.1 1.45.5-2ubuntu1.2
2025-02-24 07:42:26 status triggers-pending libc-bin:arm64 2.31-0ubuntu9.17
2025-02-24 07:42:26 status half-configured libext2fs2:arm64 1.45.5-2ubuntu1.1
2025-02-24 07:42:26 status unpacked libext2fs2:arm64 1.45.5-2ubuntu1.1
2025-02-24 07:42:26 status half-installed libext2fs2:arm64 1.45.5-2ubuntu1.1
2025-02-24 07:42:27 status unpacked libext2fs2:arm64 1.45.5-2ubuntu1.2
2025-02-24 07:42:27 startup packages configure
2025-02-24 07:42:27 configure libext2fs2:arm64 1.45.5-2ubuntu1.2 <none>
2025-02-24 07:42:27 status unpacked libext2fs2:arm64 1.45.5-2ubuntu1.2
2025-02-24 07:42:27 status half-configured libext2fs2:arm64 1.45.5-2ubuntu1.2
2025-02-24 07:42:27 status installed libext2fs2:arm64 1.45.5-2ubuntu1.2
2025-02-24 07:42:28 startup archives unpack
2025-02-24 07:42:28 upgrade e2fsprogs:arm64 1.45.5-2ubuntu1.1 1.45.5-2ubuntu1.2
2025-02-24 07:42:28 status half-configured e2fsprogs:arm64 1.45.5-2ubuntu1.1
2025-02-24 07:42:29 status unpacked e2fsprogs:arm64 1.45.5-2ubuntu1.1
2025-02-24 07:42:29 status half-installed e2fsprogs:arm64 1.45.5-2ubuntu1.1
2025-02-24 07:42:29 status unpacked e2fsprogs:arm64 1.45.5-2ubuntu1.2
2025-02-24 07:42:30 upgrade libssl1.1:arm64 1.1.1f-1ubuntu2.23 1.1.1f-1ubuntu2.24
2025-02-24 07:42:30 status half-configured libssl1.1:arm64 1.1.1f-1ubuntu2.23
2025-02-24 07:42:30 status unpacked libssl1.1:arm64 1.1.1f-1ubuntu2.23
2025-02-24 07:42:30 status half-installed libssl1.1:arm64 1.1.1f-1ubuntu2.23
2025-02-24 07:42:31 status unpacked libssl1.1:arm64 1.1.1f-1ubuntu2.24
2025-02-24 07:42:31 upgrade python3.8:arm64 3.8.10-0ubuntu1~20.04.11 3.8.10-0ubuntu1~20.04.15
2025-02-24 07:42:31 status half-configured python3.8:arm64 3.8.10-0ubuntu1~20.04.11
2025-02-24 07:42:32 status unpacked python3.8:arm64 3.8.10-0ubuntu1~20.04.11
2025-02-24 07:42:32 status half-installed python3.8:arm64 3.8.10-0ubuntu1~20.04.11
2025-02-24 07:42:32 status triggers-pending bamfdaemon:arm64 0.5.3+18.04.20180207.2-0ubuntu2
2025-02-24 07:42:32 status triggers-pending desktop-file-utils:arm64 0.24-1ubuntu3
2025-02-24 07:42:32 status triggers-pending mime-support:all 3.64ubuntu1
2025-02-24 07:42:33 status unpacked python3.8:arm64 3.8.10-0ubuntu1~20.04.15
2025-02-24 07:42:33 upgrade libpython3.8:arm64 3.8.10-0ubuntu1~20.04.11 3.8.10-0ubuntu1~20.04.15
2025-02-24 07:42:33 status half-configured libpython3.8:arm64 3.8.10-0ubuntu1~20.04.11
2025-02-24 07:42:33 status unpacked libpython3.8:arm64 3.8.10-0ubuntu1~20.04.11
2025-02-24 07:42:34 status half-installed libpython3.8:arm64 3.8.10-0ubuntu1~20.04.11
2025-02-24 07:42:34 status unpacked libpython3.8:arm64 3.8.10-0ubuntu1~20.04.15
2025-02-24 07:42:35 upgrade libpython3.8-stdlib:arm64 3.8.10-0ubuntu1~20.04.11 3.8.10-0ubuntu1~20.04.15
2025-02-24 07:42:35 status half-configured libpython3.8-stdlib:arm64 3.8.10-0ubuntu1~20.04.11
2025-02-24 07:42:35 status unpacked libpython3.8-stdlib:arm64 3.8.10-0ubuntu1~20.04.11
2025-02-24 07:42:35 status half-installed libpython3.8-stdlib:arm64 3.8.10-0ubuntu1~20.04.11
2025-02-24 07:42:36 status unpacked libpython3.8-stdlib:arm64 3.8.10-0ubuntu1~20.04.15
2025-02-24 07:42:37 upgrade python3.8-minimal:arm64 3.8.10-0ubuntu1~20.04.11 3.8.10-0ubuntu1~20.04.15
2025-02-24 07:42:37 status half-configured python3.8-minimal:arm64 3.8.10-0ubuntu1~20.04.11
2025-02-24 07:42:37 status unpacked python3.8-minimal:arm64 3.8.10-0ubuntu1~20.04.11
2025-02-24 07:42:37 status half-installed python3.8-minimal:arm64 3.8.10-0ubuntu1~20.04.11
2025-02-24 07:42:38 status unpacked python3.8-minimal:arm64 3.8.10-0ubuntu1~20.04.15
2025-02-24 07:42:39 upgrade libpython3.8-minimal:arm64 3.8.10-0ubuntu1~20.04.11 3.8.10-0ubuntu1~20.04.15
2025-02-24 07:42:39 status half-configured libpython3.8-minimal:arm64 3.8.10-0ubuntu1~20.04.11
2025-02-24 07:42:39 status unpacked libpython3.8-minimal:arm64 3.8.10-0ubuntu1~20.04.11
2025-02-24 07:42:39 status half-installed libpython3.8-minimal:arm64 3.8.10-0ubuntu1~20.04.11
2025-02-24 07:42:40 status unpacked libpython3.8-minimal:arm64 3.8.10-0ubuntu1~20.04.15
2025-02-24 07:42:41 upgrade libexpat1:arm64 2.2.9-1ubuntu0.6 2.2.9-1ubuntu0.8
2025-02-24 07:42:41 status half-configured libexpat1:arm64 2.2.9-1ubuntu0.6
2025-02-24 07:42:41 status unpacked libexpat1:arm64 2.2.9-1ubuntu0.6
2025-02-24 07:42:41 status half-installed libexpat1:arm64 2.2.9-1ubuntu0.6
2025-02-24 07:42:41 status unpacked libexpat1:arm64 2.2.9-1ubuntu0.8
2025-02-24 07:42:42 upgrade rsync:arm64 3.1.3-8ubuntu0.7 3.1.3-8ubuntu0.9
2025-02-24 07:42:42 status half-configured rsync:arm64 3.1.3-8ubuntu0.7
2025-02-24 07:42:42 status unpacked rsync:arm64 3.1.3-8ubuntu0.7
2025-02-24 07:42:42 status half-installed rsync:arm64 3.1.3-8ubuntu0.7
2025-02-24 07:42:42 status triggers-pending systemd:arm64 245.4-4ubuntu4.16
2025-02-24 07:42:43 status unpacked rsync:arm64 3.1.3-8ubuntu0.9
2025-02-24 07:42:43 upgrade libk5crypto3:arm64 1.17-6ubuntu4.7 1.17-6ubuntu4.8
2025-02-24 07:42:43 status half-configured libk5crypto3:arm64 1.17-6ubuntu4.7
2025-02-24 07:42:43 status unpacked libk5crypto3:arm64 1.17-6ubuntu4.7
2025-02-24 07:42:43 status half-installed libk5crypto3:arm64 1.17-6ubuntu4.7
2025-02-24 07:42:44 status unpacked libk5crypto3:arm64 1.17-6ubuntu4.8
2025-02-24 07:42:44 upgrade libgssapi-krb5-2:arm64 1.17-6ubuntu4.7 1.17-6ubuntu4.8
2025-02-24 07:42:44 status half-configured libgssapi-krb5-2:arm64 1.17-6ubuntu4.7
2025-02-24 07:42:45 status unpacked libgssapi-krb5-2:arm64 1.17-6ubuntu4.7
2025-02-24 07:42:45 status half-installed libgssapi-krb5-2:arm64 1.17-6ubuntu4.7
2025-02-24 07:42:45 status unpacked libgssapi-krb5-2:arm64 1.17-6ubuntu4.8
2025-02-24 07:42:46 upgrade libkrb5-3:arm64 1.17-6ubuntu4.7 1.17-6ubuntu4.8
2025-02-24 07:42:46 status half-configured libkrb5-3:arm64 1.17-6ubuntu4.7
2025-02-24 07:42:46 status unpacked libkrb5-3:arm64 1.17-6ubuntu4.7
2025-02-24 07:42:46 status half-installed libkrb5-3:arm64 1.17-6ubuntu4.7
2025-02-24 07:42:47 status unpacked libkrb5-3:arm64 1.17-6ubuntu4.8
2025-02-24 07:42:47 upgrade libkrb5support0:arm64 1.17-6ubuntu4.7 1.17-6ubuntu4.8
2025-02-24 07:42:47 status half-configured libkrb5support0:arm64 1.17-6ubuntu4.7
2025-02-24 07:42:47 status unpacked libkrb5support0:arm64 1.17-6ubuntu4.7
2025-02-24 07:42:47 status half-installed libkrb5support0:arm64 1.17-6ubuntu4.7
2025-02-24 07:42:48 status unpacked libkrb5support0:arm64 1.17-6ubuntu4.8
2025-02-24 07:42:48 upgrade libcom-err2:arm64 1.45.5-2ubuntu1.1 1.45.5-2ubuntu1.2
2025-02-24 07:42:48 status half-configured libcom-err2:arm64 1.45.5-2ubuntu1.1
2025-02-24 07:42:48 status unpacked libcom-err2:arm64 1.45.5-2ubuntu1.1
2025-02-24 07:42:48 status half-installed libcom-err2:arm64 1.45.5-2ubuntu1.1
2025-02-24 07:42:49 status unpacked libcom-err2:arm64 1.45.5-2ubuntu1.2
2025-02-24 07:42:49 upgrade libsmbclient:arm64 2:4.15.13+dfsg-0ubuntu0.20.04.7 2:4.15.13+dfsg-0ubuntu0.20.04.8
2025-02-24 07:42:49 status half-configured libsmbclient:arm64 2:4.15.13+dfsg-0ubuntu0.20.04.7
2025-02-24 07:42:49 status unpacked libsmbclient:arm64 2:4.15.13+dfsg-0ubuntu0.20.04.7
2025-02-24 07:42:50 status half-installed libsmbclient:arm64 2:4.15.13+dfsg-0ubuntu0.20.04.7
2025-02-24 07:42:50 status unpacked libsmbclient:arm64 2:4.15.13+dfsg-0ubuntu0.20.04.8
2025-02-24 07:42:51 upgrade libtasn1-6:arm64 4.16.0-2 4.16.0-2ubuntu0.1
2025-02-24 07:42:51 status half-configured libtasn1-6:arm64 4.16.0-2
2025-02-24 07:42:51 status unpacked libtasn1-6:arm64 4.16.0-2
2025-02-24 07:42:51 status half-installed libtasn1-6:arm64 4.16.0-2
2025-02-24 07:42:51 status unpacked libtasn1-6:arm64 4.16.0-2ubuntu0.1
2025-02-24 07:42:52 startup packages configure
2025-02-24 07:42:52 configure libtasn1-6:arm64 4.16.0-2ubuntu0.1 <none>
2025-02-24 07:42:52 status unpacked libtasn1-6:arm64 4.16.0-2ubuntu0.1
2025-02-24 07:42:52 status half-configured libtasn1-6:arm64 4.16.0-2ubuntu0.1
2025-02-24 07:42:52 status installed libtasn1-6:arm64 4.16.0-2ubuntu0.1
2025-02-24 07:42:52 startup archives unpack
2025-02-24 07:42:53 upgrade libgnutls30:arm64 3.6.13-2ubuntu1.11 3.6.13-2ubuntu1.12
2025-02-24 07:42:53 status half-configured libgnutls30:arm64 3.6.13-2ubuntu1.11
2025-02-24 07:42:53 status unpacked libgnutls30:arm64 3.6.13-2ubuntu1.11
2025-02-24 07:42:53 status half-installed libgnutls30:arm64 3.6.13-2ubuntu1.11
2025-02-24 07:42:54 status unpacked libgnutls30:arm64 3.6.13-2ubuntu1.12
2025-02-24 07:42:54 startup packages configure
2025-02-24 07:42:54 configure libgnutls30:arm64 3.6.13-2ubuntu1.12 <none>
2025-02-24 07:42:54 status unpacked libgnutls30:arm64 3.6.13-2ubuntu1.12
2025-02-24 07:42:54 status half-configured libgnutls30:arm64 3.6.13-2ubuntu1.12
2025-02-24 07:42:54 status installed libgnutls30:arm64 3.6.13-2ubuntu1.12
2025-02-24 07:42:55 startup archives unpack
2025-02-24 07:42:55 upgrade libcups2:arm64 2.3.1-9ubuntu1.8 2.3.1-9ubuntu1.9
2025-02-24 07:42:55 status half-configured libcups2:arm64 2.3.1-9ubuntu1.8
2025-02-24 07:42:55 status unpacked libcups2:arm64 2.3.1-9ubuntu1.8
2025-02-24 07:42:55 status half-installed libcups2:arm64 2.3.1-9ubuntu1.8
2025-02-24 07:42:56 status unpacked libcups2:arm64 2.3.1-9ubuntu1.9
2025-02-24 07:42:57 upgrade libwbclient0:arm64 2:4.15.13+dfsg-0ubuntu0.20.04.7 2:4.15.13+dfsg-0ubuntu0.20.04.8
2025-02-24 07:42:57 status half-configured libwbclient0:arm64 2:4.15.13+dfsg-0ubuntu0.20.04.7
2025-02-24 07:42:57 status unpacked libwbclient0:arm64 2:4.15.13+dfsg-0ubuntu0.20.04.7
2025-02-24 07:42:57 status half-installed libwbclient0:arm64 2:4.15.13+dfsg-0ubuntu0.20.04.7
2025-02-24 07:42:57 status unpacked libwbclient0:arm64 2:4.15.13+dfsg-0ubuntu0.20.04.8
2025-02-24 07:42:58 upgrade samba-libs:arm64 2:4.15.13+dfsg-0ubuntu0.20.04.7 2:4.15.13+dfsg-0ubuntu0.20.04.8
2025-02-24 07:42:58 status half-configured samba-libs:arm64 2:4.15.13+dfsg-0ubuntu0.20.04.7
2025-02-24 07:42:58 status unpacked samba-libs:arm64 2:4.15.13+dfsg-0ubuntu0.20.04.7
2025-02-24 07:42:58 status half-installed samba-libs:arm64 2:4.15.13+dfsg-0ubuntu0.20.04.7
2025-02-24 07:43:00 status unpacked samba-libs:arm64 2:4.15.13+dfsg-0ubuntu0.20.04.8
2025-02-24 07:43:00 upgrade python2.7:arm64 2.7.18-1~20.04.4 2.7.18-1~20.04.7
2025-02-24 07:43:00 status half-configured python2.7:arm64 2.7.18-1~20.04.4
2025-02-24 07:43:00 status unpacked python2.7:arm64 2.7.18-1~20.04.4
2025-02-24 07:43:00 status half-installed python2.7:arm64 2.7.18-1~20.04.4
2025-02-24 07:43:01 status unpacked python2.7:arm64 2.7.18-1~20.04.7
2025-02-24 07:43:01 upgrade libpython2.7-stdlib:arm64 2.7.18-1~20.04.4 2.7.18-1~20.04.7
2025-02-24 07:43:01 status half-configured libpython2.7-stdlib:arm64 2.7.18-1~20.04.4
2025-02-24 07:43:02 status unpacked libpython2.7-stdlib:arm64 2.7.18-1~20.04.4
2025-02-24 07:43:02 status half-installed libpython2.7-stdlib:arm64 2.7.18-1~20.04.4
2025-02-24 07:43:03 status unpacked libpython2.7-stdlib:arm64 2.7.18-1~20.04.7
2025-02-24 07:43:03 upgrade python2.7-minimal:arm64 2.7.18-1~20.04.4 2.7.18-1~20.04.7
2025-02-24 07:43:03 status half-configured python2.7-minimal:arm64 2.7.18-1~20.04.4
2025-02-24 07:43:03 status unpacked python2.7-minimal:arm64 2.7.18-1~20.04.4
2025-02-24 07:43:03 status half-installed python2.7-minimal:arm64 2.7.18-1~20.04.4
2025-02-24 07:43:04 status unpacked python2.7-minimal:arm64 2.7.18-1~20.04.7
2025-02-24 07:43:05 upgrade libpython2.7-minimal:arm64 2.7.18-1~20.04.4 2.7.18-1~20.04.7
2025-02-24 07:43:05 status half-configured libpython2.7-minimal:arm64 2.7.18-1~20.04.4
2025-02-24 07:43:05 status unpacked libpython2.7-minimal:arm64 2.7.18-1~20.04.4
2025-02-24 07:43:05 status half-installed libpython2.7-minimal:arm64 2.7.18-1~20.04.4
2025-02-24 07:43:06 status unpacked libpython2.7-minimal:arm64 2.7.18-1~20.04.7
2025-02-24 07:43:06 upgrade libss2:arm64 1.45.5-2ubuntu1.1 1.45.5-2ubuntu1.2
2025-02-24 07:43:06 status half-configured libss2:arm64 1.45.5-2ubuntu1.1
2025-02-24 07:43:06 status unpacked libss2:arm64 1.45.5-2ubuntu1.1
2025-02-24 07:43:07 status half-installed libss2:arm64 1.45.5-2ubuntu1.1
2025-02-24 07:43:07 status unpacked libss2:arm64 1.45.5-2ubuntu1.2
2025-02-24 07:43:08 upgrade openssl:arm64 1.1.1f-1ubuntu2.23 1.1.1f-1ubuntu2.24
2025-02-24 07:43:08 status half-configured openssl:arm64 1.1.1f-1ubuntu2.23
2025-02-24 07:43:08 status unpacked openssl:arm64 1.1.1f-1ubuntu2.23
2025-02-24 07:43:08 status half-installed openssl:arm64 1.1.1f-1ubuntu2.23
2025-02-24 07:43:08 status unpacked openssl:arm64 1.1.1f-1ubuntu2.24
2025-02-24 07:43:09 upgrade ca-certificates:all 20230311ubuntu0.20.04.1 20240203~20.04.1
2025-02-24 07:43:09 status half-configured ca-certificates:all 20230311ubuntu0.20.04.1
2025-02-24 07:43:09 status unpacked ca-certificates:all 20230311ubuntu0.20.04.1
2025-02-24 07:43:09 status half-installed ca-certificates:all 20230311ubuntu0.20.04.1
2025-02-24 07:43:10 status unpacked ca-certificates:all 20240203~20.04.1
2025-02-24 07:43:10 upgrade distro-info-data:all 0.43ubuntu1.16 0.43ubuntu1.17
2025-02-24 07:43:10 status half-configured distro-info-data:all 0.43ubuntu1.16
2025-02-24 07:43:11 status unpacked distro-info-data:all 0.43ubuntu1.16
2025-02-24 07:43:11 status half-installed distro-info-data:all 0.43ubuntu1.16
2025-02-24 07:43:11 status unpacked distro-info-data:all 0.43ubuntu1.17
2025-02-24 07:43:12 upgrade libapparmor1:arm64 2.13.3-7ubuntu5.3build2 2.13.3-7ubuntu5.4
2025-02-24 07:43:12 status half-configured libapparmor1:arm64 2.13.3-7ubuntu5.3build2
2025-02-24 07:43:12 status unpacked libapparmor1:arm64 2.13.3-7ubuntu5.3build2
2025-02-24 07:43:12 status half-installed libapparmor1:arm64 2.13.3-7ubuntu5.3build2
2025-02-24 07:43:12 status unpacked libapparmor1:arm64 2.13.3-7ubuntu5.4
2025-02-24 07:43:13 upgrade libglib2.0-data:all 2.64.6-1~ubuntu20.04.7 2.64.6-1~ubuntu20.04.8
2025-02-24 07:43:13 status half-configured libglib2.0-data:all 2.64.6-1~ubuntu20.04.7
2025-02-24 07:43:13 status unpacked libglib2.0-data:all 2.64.6-1~ubuntu20.04.7
2025-02-24 07:43:13 status half-installed libglib2.0-data:all 2.64.6-1~ubuntu20.04.7
2025-02-24 07:43:13 status unpacked libglib2.0-data:all 2.64.6-1~ubuntu20.04.8
2025-02-24 07:43:14 upgrade libglib2.0-bin:arm64 2.64.6-1~ubuntu20.04.7 2.64.6-1~ubuntu20.04.8
2025-02-24 07:43:14 status half-configured libglib2.0-bin:arm64 2.64.6-1~ubuntu20.04.7
2025-02-24 07:43:14 status unpacked libglib2.0-bin:arm64 2.64.6-1~ubuntu20.04.7
2025-02-24 07:43:14 status half-installed libglib2.0-bin:arm64 2.64.6-1~ubuntu20.04.7
2025-02-24 07:43:14 status unpacked libglib2.0-bin:arm64 2.64.6-1~ubuntu20.04.8
2025-02-24 07:43:15 upgrade libglib2.0-0:arm64 2.64.6-1~ubuntu20.04.7 2.64.6-1~ubuntu20.04.8
2025-02-24 07:43:15 status half-configured libglib2.0-0:arm64 2.64.6-1~ubuntu20.04.7
2025-02-24 07:43:15 status unpacked libglib2.0-0:arm64 2.64.6-1~ubuntu20.04.7
2025-02-24 07:43:15 status half-installed libglib2.0-0:arm64 2.64.6-1~ubuntu20.04.7
2025-02-24 07:43:16 status unpacked libglib2.0-0:arm64 2.64.6-1~ubuntu20.04.8
2025-02-24 07:43:17 upgrade libxml2:arm64 2.9.10+dfsg-5ubuntu0.20.04.7 2.9.10+dfsg-5ubuntu0.20.04.8
2025-02-24 07:43:17 status half-configured libxml2:arm64 2.9.10+dfsg-5ubuntu0.20.04.7
2025-02-24 07:43:17 status unpacked libxml2:arm64 2.9.10+dfsg-5ubuntu0.20.04.7
2025-02-24 07:43:17 status half-installed libxml2:arm64 2.9.10+dfsg-5ubuntu0.20.04.7
2025-02-24 07:43:17 status unpacked libxml2:arm64 2.9.10+dfsg-5ubuntu0.20.04.8
2025-02-24 07:43:18 upgrade python3-pkg-resources:all 45.2.0-1ubuntu0.1 45.2.0-1ubuntu0.2
2025-02-24 07:43:18 status half-configured python3-pkg-resources:all 45.2.0-1ubuntu0.1
2025-02-24 07:43:19 status unpacked python3-pkg-resources:all 45.2.0-1ubuntu0.1
2025-02-24 07:43:19 status half-installed python3-pkg-resources:all 45.2.0-1ubuntu0.1
2025-02-24 07:43:20 status unpacked python3-pkg-resources:all 45.2.0-1ubuntu0.2
2025-02-24 07:43:20 upgrade tzdata:all 2024a-0ubuntu0.20.04.1 2024b-0ubuntu0.20.04.1
2025-02-24 07:43:20 status half-configured tzdata:all 2024a-0ubuntu0.20.04.1
2025-02-24 07:43:21 status unpacked tzdata:all 2024a-0ubuntu0.20.04.1
2025-02-24 07:43:21 status half-installed tzdata:all 2024a-0ubuntu0.20.04.1
2025-02-24 07:43:22 status unpacked tzdata:all 2024b-0ubuntu0.20.04.1
2025-02-24 07:43:22 upgrade ubuntu-pro-client:arm64 33.2~20.04 34~20.04
2025-02-24 07:43:22 status half-configured ubuntu-pro-client:arm64 33.2~20.04
2025-02-24 07:43:23 status unpacked ubuntu-pro-client:arm64 33.2~20.04
2025-02-24 07:43:23 status half-installed ubuntu-pro-client:arm64 33.2~20.04
2025-02-24 07:43:24 status unpacked ubuntu-pro-client:arm64 34~20.04
2025-02-24 07:43:25 upgrade ubuntu-advantage-tools:all 33.2~20.04 34~20.04
2025-02-24 07:43:25 status half-configured ubuntu-advantage-tools:all 33.2~20.04
2025-02-24 07:43:26 status unpacked ubuntu-advantage-tools:all 33.2~20.04
2025-02-24 07:43:26 status half-installed ubuntu-advantage-tools:all 33.2~20.04
2025-02-24 07:43:29 status unpacked ubuntu-advantage-tools:all 34~20.04
2025-02-24 07:43:30 upgrade xxd:arm64 2:8.1.2269-1ubuntu5.24 2:8.1.2269-1ubuntu5.31
2025-02-24 07:43:30 status half-configured xxd:arm64 2:8.1.2269-1ubuntu5.24
2025-02-24 07:43:30 status unpacked xxd:arm64 2:8.1.2269-1ubuntu5.24
2025-02-24 07:43:30 status half-installed xxd:arm64 2:8.1.2269-1ubuntu5.24
2025-02-24 07:43:30 status unpacked xxd:arm64 2:8.1.2269-1ubuntu5.31
2025-02-24 07:43:31 upgrade vim:arm64 2:8.1.2269-1ubuntu5.24 2:8.1.2269-1ubuntu5.31
2025-02-24 07:43:31 status half-configured vim:arm64 2:8.1.2269-1ubuntu5.24
2025-02-24 07:43:31 status unpacked vim:arm64 2:8.1.2269-1ubuntu5.24
2025-02-24 07:43:31 status half-installed vim:arm64 2:8.1.2269-1ubuntu5.24
2025-02-24 07:43:32 status unpacked vim:arm64 2:8.1.2269-1ubuntu5.31
2025-02-24 07:43:33 upgrade vim-tiny:arm64 2:8.1.2269-1ubuntu5.24 2:8.1.2269-1ubuntu5.31
2025-02-24 07:43:33 status half-configured vim-tiny:arm64 2:8.1.2269-1ubuntu5.24
2025-02-24 07:43:33 status unpacked vim-tiny:arm64 2:8.1.2269-1ubuntu5.24
2025-02-24 07:43:33 status half-installed vim-tiny:arm64 2:8.1.2269-1ubuntu5.24
2025-02-24 07:43:34 status unpacked vim-tiny:arm64 2:8.1.2269-1ubuntu5.31
2025-02-24 07:43:35 upgrade vim-runtime:all 2:8.1.2269-1ubuntu5.24 2:8.1.2269-1ubuntu5.31
2025-02-24 07:43:35 status half-configured vim-runtime:all 2:8.1.2269-1ubuntu5.24
2025-02-24 07:43:35 status unpacked vim-runtime:all 2:8.1.2269-1ubuntu5.24
2025-02-24 07:43:35 status half-installed vim-runtime:all 2:8.1.2269-1ubuntu5.24
2025-02-24 07:43:37 status unpacked vim-runtime:all 2:8.1.2269-1ubuntu5.31
2025-02-24 07:43:38 upgrade vim-common:all 2:8.1.2269-1ubuntu5.24 2:8.1.2269-1ubuntu5.31
2025-02-24 07:43:38 status half-configured vim-common:all 2:8.1.2269-1ubuntu5.24
2025-02-24 07:43:38 status unpacked vim-common:all 2:8.1.2269-1ubuntu5.24
2025-02-24 07:43:38 status half-installed vim-common:all 2:8.1.2269-1ubuntu5.24
2025-02-24 07:43:38 status triggers-pending mime-support:all 3.64ubuntu1
2025-02-24 07:43:39 status triggers-pending hicolor-icon-theme:all 0.17-2
2025-02-24 07:43:39 status unpacked vim-common:all 2:8.1.2269-1ubuntu5.31
2025-02-24 07:43:40 upgrade libpcap0.8:arm64 1.9.1-3 1.9.1-3ubuntu1.20.04.1
2025-02-24 07:43:40 status half-configured libpcap0.8:arm64 1.9.1-3
2025-02-24 07:43:40 status unpacked libpcap0.8:arm64 1.9.1-3
2025-02-24 07:43:40 status half-installed libpcap0.8:arm64 1.9.1-3
2025-02-24 07:43:41 status unpacked libpcap0.8:arm64 1.9.1-3ubuntu1.20.04.1
2025-02-24 07:43:41 upgrade openssh-sftp-server:arm64 1:8.2p1-4ubuntu0.11 1:8.2p1-4ubuntu0.12
2025-02-24 07:43:41 status half-configured openssh-sftp-server:arm64 1:8.2p1-4ubuntu0.11
2025-02-24 07:43:41 status unpacked openssh-sftp-server:arm64 1:8.2p1-4ubuntu0.11
2025-02-24 07:43:41 status half-installed openssh-sftp-server:arm64 1:8.2p1-4ubuntu0.11
2025-02-24 07:43:42 status unpacked openssh-sftp-server:arm64 1:8.2p1-4ubuntu0.12
2025-02-24 07:43:42 upgrade openssh-server:arm64 1:8.2p1-4ubuntu0.11 1:8.2p1-4ubuntu0.12
2025-02-24 07:43:42 status half-configured openssh-server:arm64 1:8.2p1-4ubuntu0.11
2025-02-24 07:43:43 status unpacked openssh-server:arm64 1:8.2p1-4ubuntu0.11
2025-02-24 07:43:43 status half-installed openssh-server:arm64 1:8.2p1-4ubuntu0.11
2025-02-24 07:43:44 status unpacked openssh-server:arm64 1:8.2p1-4ubuntu0.12
2025-02-24 07:43:45 upgrade openssh-client:arm64 1:8.2p1-4ubuntu0.11 1:8.2p1-4ubuntu0.12
2025-02-24 07:43:45 status half-configured openssh-client:arm64 1:8.2p1-4ubuntu0.11
2025-02-24 07:43:45 status unpacked openssh-client:arm64 1:8.2p1-4ubuntu0.11
2025-02-24 07:43:45 status half-installed openssh-client:arm64 1:8.2p1-4ubuntu0.11
2025-02-24 07:43:46 status unpacked openssh-client:arm64 1:8.2p1-4ubuntu0.12
2025-02-24 07:43:46 upgrade python3-update-manager:all 1:20.04.10.21 1:20.04.10.23
2025-02-24 07:43:46 status half-configured python3-update-manager:all 1:20.04.10.21
2025-02-24 07:43:47 status unpacked python3-update-manager:all 1:20.04.10.21
2025-02-24 07:43:47 status half-installed python3-update-manager:all 1:20.04.10.21
2025-02-24 07:43:48 status unpacked python3-update-manager:all 1:20.04.10.23
2025-02-24 07:43:48 upgrade update-manager-core:all 1:20.04.10.21 1:20.04.10.23
2025-02-24 07:43:48 status half-configured update-manager-core:all 1:20.04.10.21
2025-02-24 07:43:48 status unpacked update-manager-core:all 1:20.04.10.21
2025-02-24 07:43:48 status half-installed update-manager-core:all 1:20.04.10.21
2025-02-24 07:43:49 status unpacked update-manager-core:all 1:20.04.10.23
2025-02-24 07:43:49 upgrade update-manager:all 1:20.04.10.21 1:20.04.10.23
2025-02-24 07:43:49 status half-configured update-manager:all 1:20.04.10.21
2025-02-24 07:43:50 status unpacked update-manager:all 1:20.04.10.21
2025-02-24 07:43:50 status half-installed update-manager:all 1:20.04.10.21
2025-02-24 07:43:51 status unpacked update-manager:all 1:20.04.10.23
2025-02-24 07:43:51 upgrade bluez:arm64 5.53-0ubuntu3.8 5.53-0ubuntu3.9
2025-02-24 07:43:51 status half-configured bluez:arm64 5.53-0ubuntu3.8
2025-02-24 07:43:52 status unpacked bluez:arm64 5.53-0ubuntu3.8
2025-02-24 07:43:52 status half-installed bluez:arm64 5.53-0ubuntu3.8
2025-02-24 07:43:53 status triggers-pending dbus:arm64 1.12.16-2ubuntu2.3
2025-02-24 07:43:55 status unpacked bluez:arm64 5.53-0ubuntu3.9
2025-02-24 07:43:55 upgrade bluez-obexd:arm64 5.53-0ubuntu3.8 5.53-0ubuntu3.9
2025-02-24 07:43:55 status half-configured bluez-obexd:arm64 5.53-0ubuntu3.8
2025-02-24 07:43:55 status unpacked bluez-obexd:arm64 5.53-0ubuntu3.8
2025-02-24 07:43:55 status half-installed bluez-obexd:arm64 5.53-0ubuntu3.8
2025-02-24 07:43:56 status unpacked bluez-obexd:arm64 5.53-0ubuntu3.9
2025-02-24 07:43:56 upgrade bubblewrap:arm64 0.4.0-1ubuntu4 0.4.0-1ubuntu4.1
2025-02-24 07:43:56 status half-configured bubblewrap:arm64 0.4.0-1ubuntu4
2025-02-24 07:43:56 status unpacked bubblewrap:arm64 0.4.0-1ubuntu4
2025-02-24 07:43:56 status half-installed bubblewrap:arm64 0.4.0-1ubuntu4
2025-02-24 07:43:57 status unpacked bubblewrap:arm64 0.4.0-1ubuntu4.1
2025-02-24 07:43:57 upgrade libffmedia:arm64 2.2.2-2a-gd5f6977 2.4.0-firefly2
2025-02-24 07:43:57 status half-configured libffmedia:arm64 2.2.2-2a-gd5f6977
2025-02-24 07:43:57 status unpacked libffmedia:arm64 2.2.2-2a-gd5f6977
2025-02-24 07:43:57 status half-installed libffmedia:arm64 2.2.2-2a-gd5f6977
2025-02-24 07:43:58 status unpacked libffmedia:arm64 2.4.0-firefly2
2025-02-24 07:43:59 upgrade ffmedia-demo:arm64 1.0.3 2.0.0
2025-02-24 07:43:59 status half-configured ffmedia-demo:arm64 1.0.3
2025-02-24 07:43:59 status unpacked ffmedia-demo:arm64 1.0.3
2025-02-24 07:43:59 status half-installed ffmedia-demo:arm64 1.0.3
2025-02-24 07:43:59 status unpacked ffmedia-demo:arm64 2.0.0
2025-02-24 07:44:00 upgrade ghostscript-x:arm64 9.50~dfsg-5ubuntu4.13 9.50~dfsg-5ubuntu4.14
2025-02-24 07:44:00 status half-configured ghostscript-x:arm64 9.50~dfsg-5ubuntu4.13
2025-02-24 07:44:00 status unpacked ghostscript-x:arm64 9.50~dfsg-5ubuntu4.13
2025-02-24 07:44:00 status half-installed ghostscript-x:arm64 9.50~dfsg-5ubuntu4.13
2025-02-24 07:44:00 status unpacked ghostscript-x:arm64 9.50~dfsg-5ubuntu4.14
2025-02-24 07:44:01 upgrade ghostscript:arm64 9.50~dfsg-5ubuntu4.13 9.50~dfsg-5ubuntu4.14
2025-02-24 07:44:01 status half-configured ghostscript:arm64 9.50~dfsg-5ubuntu4.13
2025-02-24 07:44:01 status unpacked ghostscript:arm64 9.50~dfsg-5ubuntu4.13
2025-02-24 07:44:01 status half-installed ghostscript:arm64 9.50~dfsg-5ubuntu4.13
2025-02-24 07:44:02 status unpacked ghostscript:arm64 9.50~dfsg-5ubuntu4.14
2025-02-24 07:44:02 upgrade libgs9:arm64 9.50~dfsg-5ubuntu4.13 9.50~dfsg-5ubuntu4.14
2025-02-24 07:44:02 status half-configured libgs9:arm64 9.50~dfsg-5ubuntu4.13
2025-02-24 07:44:02 status unpacked libgs9:arm64 9.50~dfsg-5ubuntu4.13
2025-02-24 07:44:02 status half-installed libgs9:arm64 9.50~dfsg-5ubuntu4.13
2025-02-24 07:44:03 status unpacked libgs9:arm64 9.50~dfsg-5ubuntu4.14
2025-02-24 07:44:04 upgrade libgs9-common:all 9.50~dfsg-5ubuntu4.13 9.50~dfsg-5ubuntu4.14
2025-02-24 07:44:04 status half-configured libgs9-common:all 9.50~dfsg-5ubuntu4.13
2025-02-24 07:44:04 status unpacked libgs9-common:all 9.50~dfsg-5ubuntu4.13
2025-02-24 07:44:04 status half-installed libgs9-common:all 9.50~dfsg-5ubuntu4.13
2025-02-24 07:44:05 status unpacked libgs9-common:all 9.50~dfsg-5ubuntu4.14
2025-02-24 07:44:05 upgrade libopenjp2-7:arm64 2.3.1-1ubuntu4.20.04.1 2.3.1-1ubuntu4.20.04.4
2025-02-24 07:44:05 status half-configured libopenjp2-7:arm64 2.3.1-1ubuntu4.20.04.1
2025-02-24 07:44:06 status unpacked libopenjp2-7:arm64 2.3.1-1ubuntu4.20.04.1
2025-02-24 07:44:06 status half-installed libopenjp2-7:arm64 2.3.1-1ubuntu4.20.04.1
2025-02-24 07:44:06 status unpacked libopenjp2-7:arm64 2.3.1-1ubuntu4.20.04.4
2025-02-24 07:44:07 upgrade libsoup2.4-1:arm64 2.70.0-1 2.70.0-1ubuntu0.1
2025-02-24 07:44:07 status half-configured libsoup2.4-1:arm64 2.70.0-1
2025-02-24 07:44:07 status unpacked libsoup2.4-1:arm64 2.70.0-1
2025-02-24 07:44:07 status half-installed libsoup2.4-1:arm64 2.70.0-1
2025-02-24 07:44:07 status unpacked libsoup2.4-1:arm64 2.70.0-1ubuntu0.1
2025-02-24 07:44:08 upgrade libsoup-gnome2.4-1:arm64 2.70.0-1 2.70.0-1ubuntu0.1
2025-02-24 07:44:08 status half-configured libsoup-gnome2.4-1:arm64 2.70.0-1
2025-02-24 07:44:08 status unpacked libsoup-gnome2.4-1:arm64 2.70.0-1
2025-02-24 07:44:08 status half-installed libsoup-gnome2.4-1:arm64 2.70.0-1
2025-02-24 07:44:09 status unpacked libsoup-gnome2.4-1:arm64 2.70.0-1ubuntu0.1
2025-02-24 07:44:09 upgrade gir1.2-soup-2.4:arm64 2.70.0-1 2.70.0-1ubuntu0.1
2025-02-24 07:44:09 status half-configured gir1.2-soup-2.4:arm64 2.70.0-1
2025-02-24 07:44:09 status unpacked gir1.2-soup-2.4:arm64 2.70.0-1
2025-02-24 07:44:09 status half-installed gir1.2-soup-2.4:arm64 2.70.0-1
2025-02-24 07:44:10 status unpacked gir1.2-soup-2.4:arm64 2.70.0-1ubuntu0.1
2025-02-24 07:44:10 upgrade libarchive13:arm64 3.4.0-2ubuntu1.2 3.4.0-2ubuntu1.4
2025-02-24 07:44:10 status half-configured libarchive13:arm64 3.4.0-2ubuntu1.2
2025-02-24 07:44:10 status unpacked libarchive13:arm64 3.4.0-2ubuntu1.2
2025-02-24 07:44:10 status half-installed libarchive13:arm64 3.4.0-2ubuntu1.2
2025-02-24 07:44:11 status unpacked libarchive13:arm64 3.4.0-2ubuntu1.4
2025-02-24 07:44:12 upgrade libbluetooth3:arm64 5.53-0ubuntu3.8 5.53-0ubuntu3.9
2025-02-24 07:44:12 status half-configured libbluetooth3:arm64 5.53-0ubuntu3.8
2025-02-24 07:44:12 status unpacked libbluetooth3:arm64 5.53-0ubuntu3.8
2025-02-24 07:44:12 status half-installed libbluetooth3:arm64 5.53-0ubuntu3.8
2025-02-24 07:44:12 status unpacked libbluetooth3:arm64 5.53-0ubuntu3.9
2025-02-24 07:44:13 upgrade libgd3:arm64 2.2.5-5.2ubuntu2.1 2.2.5-5.2ubuntu2.4
2025-02-24 07:44:13 status half-configured libgd3:arm64 2.2.5-5.2ubuntu2.1
2025-02-24 07:44:13 status unpacked libgd3:arm64 2.2.5-5.2ubuntu2.1
2025-02-24 07:44:13 status half-installed libgd3:arm64 2.2.5-5.2ubuntu2.1
2025-02-24 07:44:13 status unpacked libgd3:arm64 2.2.5-5.2ubuntu2.4
2025-02-24 07:44:14 upgrade libharfbuzz0b:arm64 2.6.4-1ubuntu4.2 2.6.4-1ubuntu4.3
2025-02-24 07:44:14 status half-configured libharfbuzz0b:arm64 2.6.4-1ubuntu4.2
2025-02-24 07:44:14 status unpacked libharfbuzz0b:arm64 2.6.4-1ubuntu4.2
2025-02-24 07:44:14 status half-installed libharfbuzz0b:arm64 2.6.4-1ubuntu4.2
2025-02-24 07:44:15 status unpacked libharfbuzz0b:arm64 2.6.4-1ubuntu4.3
2025-02-24 07:44:15 upgrade libharfbuzz-icu0:arm64 2.6.4-1ubuntu4.2 2.6.4-1ubuntu4.3
2025-02-24 07:44:15 status half-configured libharfbuzz-icu0:arm64 2.6.4-1ubuntu4.2
2025-02-24 07:44:15 status unpacked libharfbuzz-icu0:arm64 2.6.4-1ubuntu4.2
2025-02-24 07:44:15 status half-installed libharfbuzz-icu0:arm64 2.6.4-1ubuntu4.2
2025-02-24 07:44:16 status unpacked libharfbuzz-icu0:arm64 2.6.4-1ubuntu4.3
2025-02-24 07:44:16 upgrade libmpg123-0:arm64 1.25.13-1 1.25.13-1ubuntu0.2
2025-02-24 07:44:16 status half-configured libmpg123-0:arm64 1.25.13-1
2025-02-24 07:44:16 status unpacked libmpg123-0:arm64 1.25.13-1
2025-02-24 07:44:17 status half-installed libmpg123-0:arm64 1.25.13-1
2025-02-24 07:44:17 status unpacked libmpg123-0:arm64 1.25.13-1ubuntu0.2
2025-02-24 07:44:17 upgrade libmysqlclient21:arm64 8.0.39-0ubuntu0.20.04.1 8.0.41-0ubuntu0.20.04.1
2025-02-24 07:44:17 status half-configured libmysqlclient21:arm64 8.0.39-0ubuntu0.20.04.1
2025-02-24 07:44:18 status unpacked libmysqlclient21:arm64 8.0.39-0ubuntu0.20.04.1
2025-02-24 07:44:18 status half-installed libmysqlclient21:arm64 8.0.39-0ubuntu0.20.04.1
2025-02-24 07:44:18 status unpacked libmysqlclient21:arm64 8.0.41-0ubuntu0.20.04.1
2025-02-24 07:44:19 upgrade libpoppler-glib8:arm64 0.86.1-0ubuntu1.4 0.86.1-0ubuntu1.5
2025-02-24 07:44:19 status half-configured libpoppler-glib8:arm64 0.86.1-0ubuntu1.4
2025-02-24 07:44:19 status unpacked libpoppler-glib8:arm64 0.86.1-0ubuntu1.4
2025-02-24 07:44:19 status half-installed libpoppler-glib8:arm64 0.86.1-0ubuntu1.4
2025-02-24 07:44:20 status unpacked libpoppler-glib8:arm64 0.86.1-0ubuntu1.5
2025-02-24 07:44:20 upgrade libpoppler97:arm64 0.86.1-0ubuntu1.4 0.86.1-0ubuntu1.5
2025-02-24 07:44:20 status half-configured libpoppler97:arm64 0.86.1-0ubuntu1.4
2025-02-24 07:44:20 status unpacked libpoppler97:arm64 0.86.1-0ubuntu1.4
2025-02-24 07:44:20 status half-installed libpoppler97:arm64 0.86.1-0ubuntu1.4
2025-02-24 07:44:21 status unpacked libpoppler97:arm64 0.86.1-0ubuntu1.5
2025-02-24 07:44:22 upgrade libpq5:arm64 12.20-0ubuntu0.20.04.1 12.22-0ubuntu0.20.04.1
2025-02-24 07:44:22 status half-configured libpq5:arm64 12.20-0ubuntu0.20.04.1
2025-02-24 07:44:22 status unpacked libpq5:arm64 12.20-0ubuntu0.20.04.1
2025-02-24 07:44:22 status half-installed libpq5:arm64 12.20-0ubuntu0.20.04.1
2025-02-24 07:44:22 status unpacked libpq5:arm64 12.22-0ubuntu0.20.04.1
2025-02-24 07:44:23 upgrade rockchip-mpp-demos:arm64 1.5.0-4ubuntu2.2firefly6 1.5.0-4ubuntu2.2firefly8
2025-02-24 07:44:23 status half-configured rockchip-mpp-demos:arm64 1.5.0-4ubuntu2.2firefly6
2025-02-24 07:44:23 status unpacked rockchip-mpp-demos:arm64 1.5.0-4ubuntu2.2firefly6
2025-02-24 07:44:23 status half-installed rockchip-mpp-demos:arm64 1.5.0-4ubuntu2.2firefly6
2025-02-24 07:44:23 status unpacked rockchip-mpp-demos:arm64 1.5.0-4ubuntu2.2firefly8
2025-02-24 07:44:24 upgrade librockchip-vpu0:arm64 1.5.0-4ubuntu2.2firefly6 1.5.0-4ubuntu2.2firefly8
2025-02-24 07:44:24 status half-configured librockchip-vpu0:arm64 1.5.0-4ubuntu2.2firefly6
2025-02-24 07:44:24 status unpacked librockchip-vpu0:arm64 1.5.0-4ubuntu2.2firefly6
2025-02-24 07:44:24 status half-installed librockchip-vpu0:arm64 1.5.0-4ubuntu2.2firefly6
2025-02-24 07:44:24 status unpacked librockchip-vpu0:arm64 1.5.0-4ubuntu2.2firefly8
2025-02-24 07:44:25 upgrade librockchip-mpp-dev:arm64 1.5.0-4ubuntu2.2firefly6 1.5.0-4ubuntu2.2firefly8
2025-02-24 07:44:25 status half-configured librockchip-mpp-dev:arm64 1.5.0-4ubuntu2.2firefly6
2025-02-24 07:44:25 status unpacked librockchip-mpp-dev:arm64 1.5.0-4ubuntu2.2firefly6
2025-02-24 07:44:25 status half-installed librockchip-mpp-dev:arm64 1.5.0-4ubuntu2.2firefly6
2025-02-24 07:44:25 status unpacked librockchip-mpp-dev:arm64 1.5.0-4ubuntu2.2firefly8
2025-02-24 07:44:26 upgrade librockchip-mpp1:arm64 1.5.0-4ubuntu2.2firefly6 1.5.0-4ubuntu2.2firefly8
2025-02-24 07:44:26 status half-configured librockchip-mpp1:arm64 1.5.0-4ubuntu2.2firefly6
2025-02-24 07:44:26 status unpacked librockchip-mpp1:arm64 1.5.0-4ubuntu2.2firefly6
2025-02-24 07:44:26 status half-installed librockchip-mpp1:arm64 1.5.0-4ubuntu2.2firefly6
2025-02-24 07:44:27 status unpacked librockchip-mpp1:arm64 1.5.0-4ubuntu2.2firefly8
2025-02-24 07:44:27 upgrade libsndfile1:arm64 1.0.28-7ubuntu0.2 1.0.28-7ubuntu0.3
2025-02-24 07:44:27 status half-configured libsndfile1:arm64 1.0.28-7ubuntu0.2
2025-02-24 07:44:27 status unpacked libsndfile1:arm64 1.0.28-7ubuntu0.2
2025-02-24 07:44:28 status half-installed libsndfile1:arm64 1.0.28-7ubuntu0.2
2025-02-24 07:44:28 status unpacked libsndfile1:arm64 1.0.28-7ubuntu0.3
2025-02-24 07:44:28 upgrade python3-urllib3:all 1.25.8-2ubuntu0.3 1.25.8-2ubuntu0.4
2025-02-24 07:44:28 status half-configured python3-urllib3:all 1.25.8-2ubuntu0.3
2025-02-24 07:44:29 status unpacked python3-urllib3:all 1.25.8-2ubuntu0.3
2025-02-24 07:44:29 status half-installed python3-urllib3:all 1.25.8-2ubuntu0.3
2025-02-24 07:44:30 status unpacked python3-urllib3:all 1.25.8-2ubuntu0.4
2025-02-24 07:44:30 upgrade wireless-regdb:all 2022.06.06-0ubuntu1~20.04.1 2024.07.04-0ubuntu1~20.04.1
2025-02-24 07:44:30 status half-configured wireless-regdb:all 2022.06.06-0ubuntu1~20.04.1
2025-02-24 07:44:30 status unpacked wireless-regdb:all 2022.06.06-0ubuntu1~20.04.1
2025-02-24 07:44:30 status half-installed wireless-regdb:all 2022.06.06-0ubuntu1~20.04.1
2025-02-24 07:44:31 status unpacked wireless-regdb:all 2024.07.04-0ubuntu1~20.04.1
2025-02-24 07:44:31 startup packages configure
2025-02-24 07:44:31 configure python3-pkg-resources:all 45.2.0-1ubuntu0.2 <none>
2025-02-24 07:44:31 status unpacked python3-pkg-resources:all 45.2.0-1ubuntu0.2
2025-02-24 07:44:31 status half-configured python3-pkg-resources:all 45.2.0-1ubuntu0.2
2025-02-24 07:44:33 status installed python3-pkg-resources:all 45.2.0-1ubuntu0.2
2025-02-24 07:44:33 configure libgs9-common:all 9.50~dfsg-5ubuntu4.14 <none>
2025-02-24 07:44:33 status unpacked libgs9-common:all 9.50~dfsg-5ubuntu4.14
2025-02-24 07:44:34 status half-configured libgs9-common:all 9.50~dfsg-5ubuntu4.14
2025-02-24 07:44:34 status installed libgs9-common:all 9.50~dfsg-5ubuntu4.14
2025-02-24 07:44:34 configure libexpat1:arm64 2.2.9-1ubuntu0.8 <none>
2025-02-24 07:44:34 status unpacked libexpat1:arm64 2.2.9-1ubuntu0.8
2025-02-24 07:44:34 status half-configured libexpat1:arm64 2.2.9-1ubuntu0.8
2025-02-24 07:44:34 status installed libexpat1:arm64 2.2.9-1ubuntu0.8
2025-02-24 07:44:34 configure bubblewrap:arm64 0.4.0-1ubuntu4.1 <none>
2025-02-24 07:44:34 status unpacked bubblewrap:arm64 0.4.0-1ubuntu4.1
2025-02-24 07:44:34 status half-configured bubblewrap:arm64 0.4.0-1ubuntu4.1
2025-02-24 07:44:34 status installed bubblewrap:arm64 0.4.0-1ubuntu4.1
2025-02-24 07:44:34 configure libapparmor1:arm64 2.13.3-7ubuntu5.4 <none>
2025-02-24 07:44:34 status unpacked libapparmor1:arm64 2.13.3-7ubuntu5.4
2025-02-24 07:44:34 status half-configured libapparmor1:arm64 2.13.3-7ubuntu5.4
2025-02-24 07:44:35 status installed libapparmor1:arm64 2.13.3-7ubuntu5.4
2025-02-24 07:44:35 configure libmpg123-0:arm64 1.25.13-1ubuntu0.2 <none>
2025-02-24 07:44:35 status unpacked libmpg123-0:arm64 1.25.13-1ubuntu0.2
2025-02-24 07:44:35 status half-configured libmpg123-0:arm64 1.25.13-1ubuntu0.2
2025-02-24 07:44:35 status installed libmpg123-0:arm64 1.25.13-1ubuntu0.2
2025-02-24 07:44:35 configure libglib2.0-0:arm64 2.64.6-1~ubuntu20.04.8 <none>
2025-02-24 07:44:35 status unpacked libglib2.0-0:arm64 2.64.6-1~ubuntu20.04.8
2025-02-24 07:44:35 status half-configured libglib2.0-0:arm64 2.64.6-1~ubuntu20.04.8
2025-02-24 07:44:35 status installed libglib2.0-0:arm64 2.64.6-1~ubuntu20.04.8
2025-02-24 07:44:35 configure distro-info-data:all 0.43ubuntu1.17 <none>
2025-02-24 07:44:35 status unpacked distro-info-data:all 0.43ubuntu1.17
2025-02-24 07:44:36 status half-configured distro-info-data:all 0.43ubuntu1.17
2025-02-24 07:44:36 status installed distro-info-data:all 0.43ubuntu1.17
2025-02-24 07:44:36 configure libssl1.1:arm64 1.1.1f-1ubuntu2.24 <none>
2025-02-24 07:44:36 status unpacked libssl1.1:arm64 1.1.1f-1ubuntu2.24
2025-02-24 07:44:36 status half-configured libssl1.1:arm64 1.1.1f-1ubuntu2.24
2025-02-24 07:44:37 status installed libssl1.1:arm64 1.1.1f-1ubuntu2.24
2025-02-24 07:44:37 configure wireless-regdb:all 2024.07.04-0ubuntu1~20.04.1 <none>
2025-02-24 07:44:37 status unpacked wireless-regdb:all 2024.07.04-0ubuntu1~20.04.1
2025-02-24 07:44:37 status half-configured wireless-regdb:all 2024.07.04-0ubuntu1~20.04.1
2025-02-24 07:44:37 status installed wireless-regdb:all 2024.07.04-0ubuntu1~20.04.1
2025-02-24 07:44:37 configure linux-libc-dev:arm64 5.4.0-205.225 <none>
2025-02-24 07:44:37 status unpacked linux-libc-dev:arm64 5.4.0-205.225
2025-02-24 07:44:37 status half-configured linux-libc-dev:arm64 5.4.0-205.225
2025-02-24 07:44:37 status installed linux-libc-dev:arm64 5.4.0-205.225
2025-02-24 07:44:38 configure libcom-err2:arm64 1.45.5-2ubuntu1.2 <none>
2025-02-24 07:44:38 status unpacked libcom-err2:arm64 1.45.5-2ubuntu1.2
2025-02-24 07:44:38 status half-configured libcom-err2:arm64 1.45.5-2ubuntu1.2
2025-02-24 07:44:38 status installed libcom-err2:arm64 1.45.5-2ubuntu1.2
2025-02-24 07:44:38 configure locales:all 2.31-0ubuntu9.17 <none>
2025-02-24 07:44:38 status unpacked locales:all 2.31-0ubuntu9.17
2025-02-24 07:44:38 status half-configured locales:all 2.31-0ubuntu9.17
2025-02-24 07:45:45 status installed locales:all 2.31-0ubuntu9.17
2025-02-24 07:45:46 configure libwbclient0:arm64 2:4.15.13+dfsg-0ubuntu0.20.04.8 <none>
2025-02-24 07:45:46 status unpacked libwbclient0:arm64 2:4.15.13+dfsg-0ubuntu0.20.04.8
2025-02-24 07:45:46 status half-configured libwbclient0:arm64 2:4.15.13+dfsg-0ubuntu0.20.04.8
2025-02-24 07:45:46 status installed libwbclient0:arm64 2:4.15.13+dfsg-0ubuntu0.20.04.8
2025-02-24 07:45:46 configure xxd:arm64 2:8.1.2269-1ubuntu5.31 <none>
2025-02-24 07:45:46 status unpacked xxd:arm64 2:8.1.2269-1ubuntu5.31
2025-02-24 07:45:46 status half-configured xxd:arm64 2:8.1.2269-1ubuntu5.31
2025-02-24 07:45:46 status installed xxd:arm64 2:8.1.2269-1ubuntu5.31
2025-02-24 07:45:46 configure bluez-obexd:arm64 5.53-0ubuntu3.9 <none>
2025-02-24 07:45:46 status unpacked bluez-obexd:arm64 5.53-0ubuntu3.9
2025-02-24 07:45:46 status half-configured bluez-obexd:arm64 5.53-0ubuntu3.9
2025-02-24 07:45:46 status installed bluez-obexd:arm64 5.53-0ubuntu3.9
2025-02-24 07:45:46 configure libkrb5support0:arm64 1.17-6ubuntu4.8 <none>
2025-02-24 07:45:46 status unpacked libkrb5support0:arm64 1.17-6ubuntu4.8
2025-02-24 07:45:46 status half-configured libkrb5support0:arm64 1.17-6ubuntu4.8
2025-02-24 07:45:47 status installed libkrb5support0:arm64 1.17-6ubuntu4.8
2025-02-24 07:45:47 configure tzdata:all 2024b-0ubuntu0.20.04.1 <none>
2025-02-24 07:45:47 status unpacked tzdata:all 2024b-0ubuntu0.20.04.1
2025-02-24 07:45:47 status half-configured tzdata:all 2024b-0ubuntu0.20.04.1
2025-02-24 07:45:48 status installed tzdata:all 2024b-0ubuntu0.20.04.1
2025-02-24 07:45:48 configure bluez:arm64 5.53-0ubuntu3.9 <none>
2025-02-24 07:45:48 status unpacked bluez:arm64 5.53-0ubuntu3.9
2025-02-24 07:45:49 status half-configured bluez:arm64 5.53-0ubuntu3.9
2025-02-24 07:45:52 status installed bluez:arm64 5.53-0ubuntu3.9
2025-02-24 07:45:52 configure libglib2.0-data:all 2.64.6-1~ubuntu20.04.8 <none>
2025-02-24 07:45:52 status unpacked libglib2.0-data:all 2.64.6-1~ubuntu20.04.8
2025-02-24 07:45:52 status half-configured libglib2.0-data:all 2.64.6-1~ubuntu20.04.8
2025-02-24 07:45:52 status installed libglib2.0-data:all 2.64.6-1~ubuntu20.04.8
2025-02-24 07:45:52 configure libpython2.7-minimal:arm64 2.7.18-1~20.04.7 <none>
2025-02-24 07:45:52 status unpacked libpython2.7-minimal:arm64 2.7.18-1~20.04.7
2025-02-24 07:45:52 status half-configured libpython2.7-minimal:arm64 2.7.18-1~20.04.7
2025-02-24 07:45:52 status installed libpython2.7-minimal:arm64 2.7.18-1~20.04.7
2025-02-24 07:45:52 configure vim-common:all 2:8.1.2269-1ubuntu5.31 <none>
2025-02-24 07:45:52 status unpacked vim-common:all 2:8.1.2269-1ubuntu5.31
2025-02-24 07:45:53 status half-configured vim-common:all 2:8.1.2269-1ubuntu5.31
2025-02-24 07:45:53 status installed vim-common:all 2:8.1.2269-1ubuntu5.31
2025-02-24 07:45:53 configure libpcap0.8:arm64 1.9.1-3ubuntu1.20.04.1 <none>
2025-02-24 07:45:53 status unpacked libpcap0.8:arm64 1.9.1-3ubuntu1.20.04.1
2025-02-24 07:45:53 status half-configured libpcap0.8:arm64 1.9.1-3ubuntu1.20.04.1
2025-02-24 07:45:53 status installed libpcap0.8:arm64 1.9.1-3ubuntu1.20.04.1
2025-02-24 07:45:53 configure python2.7-minimal:arm64 2.7.18-1~20.04.7 <none>
2025-02-24 07:45:53 status unpacked python2.7-minimal:arm64 2.7.18-1~20.04.7
2025-02-24 07:45:53 status half-configured python2.7-minimal:arm64 2.7.18-1~20.04.7
2025-02-24 07:45:55 status installed python2.7-minimal:arm64 2.7.18-1~20.04.7
2025-02-24 07:45:55 configure libgd3:arm64 2.2.5-5.2ubuntu2.4 <none>
2025-02-24 07:45:55 status unpacked libgd3:arm64 2.2.5-5.2ubuntu2.4
2025-02-24 07:45:55 status half-configured libgd3:arm64 2.2.5-5.2ubuntu2.4
2025-02-24 07:45:55 status installed libgd3:arm64 2.2.5-5.2ubuntu2.4
2025-02-24 07:45:55 configure libss2:arm64 1.45.5-2ubuntu1.2 <none>
2025-02-24 07:45:55 status unpacked libss2:arm64 1.45.5-2ubuntu1.2
2025-02-24 07:45:55 status half-configured libss2:arm64 1.45.5-2ubuntu1.2
2025-02-24 07:45:55 status installed libss2:arm64 1.45.5-2ubuntu1.2
2025-02-24 07:45:55 configure libk5crypto3:arm64 1.17-6ubuntu4.8 <none>
2025-02-24 07:45:55 status unpacked libk5crypto3:arm64 1.17-6ubuntu4.8
2025-02-24 07:45:56 status half-configured libk5crypto3:arm64 1.17-6ubuntu4.8
2025-02-24 07:45:56 status installed libk5crypto3:arm64 1.17-6ubuntu4.8
2025-02-24 07:45:56 configure logsave:arm64 1.45.5-2ubuntu1.2 <none>
2025-02-24 07:45:56 status unpacked logsave:arm64 1.45.5-2ubuntu1.2
2025-02-24 07:45:56 status half-configured logsave:arm64 1.45.5-2ubuntu1.2
2025-02-24 07:45:56 status installed logsave:arm64 1.45.5-2ubuntu1.2
2025-02-24 07:45:56 configure python3-urllib3:all 1.25.8-2ubuntu0.4 <none>
2025-02-24 07:45:56 status unpacked python3-urllib3:all 1.25.8-2ubuntu0.4
2025-02-24 07:45:56 status half-configured python3-urllib3:all 1.25.8-2ubuntu0.4
2025-02-24 07:45:58 status installed python3-urllib3:all 1.25.8-2ubuntu0.4
2025-02-24 07:45:58 configure python3-update-manager:all 1:20.04.10.23 <none>
2025-02-24 07:45:58 status unpacked python3-update-manager:all 1:20.04.10.23
2025-02-24 07:45:58 status half-configured python3-update-manager:all 1:20.04.10.23
2025-02-24 07:45:59 status installed python3-update-manager:all 1:20.04.10.23
2025-02-24 07:46:00 configure libbluetooth3:arm64 5.53-0ubuntu3.9 <none>
2025-02-24 07:46:00 status unpacked libbluetooth3:arm64 5.53-0ubuntu3.9
2025-02-24 07:46:00 status half-configured libbluetooth3:arm64 5.53-0ubuntu3.9
2025-02-24 07:46:00 status installed libbluetooth3:arm64 5.53-0ubuntu3.9
2025-02-24 07:46:00 configure libopenjp2-7:arm64 2.3.1-1ubuntu4.20.04.4 <none>
2025-02-24 07:46:00 status unpacked libopenjp2-7:arm64 2.3.1-1ubuntu4.20.04.4
2025-02-24 07:46:00 status half-configured libopenjp2-7:arm64 2.3.1-1ubuntu4.20.04.4
2025-02-24 07:46:00 status installed libopenjp2-7:arm64 2.3.1-1ubuntu4.20.04.4
2025-02-24 07:46:00 configure libharfbuzz0b:arm64 2.6.4-1ubuntu4.3 <none>
2025-02-24 07:46:00 status unpacked libharfbuzz0b:arm64 2.6.4-1ubuntu4.3
2025-02-24 07:46:00 status half-configured libharfbuzz0b:arm64 2.6.4-1ubuntu4.3
2025-02-24 07:46:00 status installed libharfbuzz0b:arm64 2.6.4-1ubuntu4.3
2025-02-24 07:46:00 configure libkrb5-3:arm64 1.17-6ubuntu4.8 <none>
2025-02-24 07:46:00 status unpacked libkrb5-3:arm64 1.17-6ubuntu4.8
2025-02-24 07:46:00 status half-configured libkrb5-3:arm64 1.17-6ubuntu4.8
2025-02-24 07:46:01 status installed libkrb5-3:arm64 1.17-6ubuntu4.8
2025-02-24 07:46:01 configure libffmedia:arm64 2.4.0-firefly2 <none>
2025-02-24 07:46:01 status unpacked libffmedia:arm64 2.4.0-firefly2
2025-02-24 07:46:01 status half-configured libffmedia:arm64 2.4.0-firefly2
2025-02-24 07:46:01 status installed libffmedia:arm64 2.4.0-firefly2
2025-02-24 07:46:01 configure libsndfile1:arm64 1.0.28-7ubuntu0.3 <none>
2025-02-24 07:46:01 status unpacked libsndfile1:arm64 1.0.28-7ubuntu0.3
2025-02-24 07:46:01 status half-configured libsndfile1:arm64 1.0.28-7ubuntu0.3
2025-02-24 07:46:01 status installed libsndfile1:arm64 1.0.28-7ubuntu0.3
2025-02-24 07:46:01 configure vim-runtime:all 2:8.1.2269-1ubuntu5.31 <none>
2025-02-24 07:46:01 status unpacked vim-runtime:all 2:8.1.2269-1ubuntu5.31
2025-02-24 07:46:01 status half-configured vim-runtime:all 2:8.1.2269-1ubuntu5.31
2025-02-24 07:46:03 status installed vim-runtime:all 2:8.1.2269-1ubuntu5.31
2025-02-24 07:46:03 configure libc-dev-bin:arm64 2.31-0ubuntu9.17 <none>
2025-02-24 07:46:03 status unpacked libc-dev-bin:arm64 2.31-0ubuntu9.17
2025-02-24 07:46:03 status half-configured libc-dev-bin:arm64 2.31-0ubuntu9.17
2025-02-24 07:46:03 status installed libc-dev-bin:arm64 2.31-0ubuntu9.17
2025-02-24 07:46:03 configure openssl:arm64 1.1.1f-1ubuntu2.24 <none>
2025-02-24 07:46:03 status unpacked openssl:arm64 1.1.1f-1ubuntu2.24
2025-02-24 07:46:03 status half-configured openssl:arm64 1.1.1f-1ubuntu2.24
2025-02-24 07:46:03 status installed openssl:arm64 1.1.1f-1ubuntu2.24
2025-02-24 07:46:04 configure libxml2:arm64 2.9.10+dfsg-5ubuntu0.20.04.8 <none>
2025-02-24 07:46:04 status unpacked libxml2:arm64 2.9.10+dfsg-5ubuntu0.20.04.8
2025-02-24 07:46:04 status half-configured libxml2:arm64 2.9.10+dfsg-5ubuntu0.20.04.8
2025-02-24 07:46:04 status installed libxml2:arm64 2.9.10+dfsg-5ubuntu0.20.04.8
2025-02-24 07:46:04 configure ubuntu-pro-client:arm64 34~20.04 <none>
2025-02-24 07:46:04 status unpacked ubuntu-pro-client:arm64 34~20.04
2025-02-24 07:46:05 status half-configured ubuntu-pro-client:arm64 34~20.04
2025-02-24 07:46:11 status installed ubuntu-pro-client:arm64 34~20.04
2025-02-24 07:46:11 configure rsync:arm64 3.1.3-8ubuntu0.9 <none>
2025-02-24 07:46:11 status unpacked rsync:arm64 3.1.3-8ubuntu0.9
2025-02-24 07:46:11 status half-configured rsync:arm64 3.1.3-8ubuntu0.9
2025-02-24 07:46:12 status installed rsync:arm64 3.1.3-8ubuntu0.9
2025-02-24 07:46:13 configure librockchip-mpp1:arm64 1.5.0-4ubuntu2.2firefly8 <none>
2025-02-24 07:46:13 status unpacked librockchip-mpp1:arm64 1.5.0-4ubuntu2.2firefly8
2025-02-24 07:46:13 status half-configured librockchip-mpp1:arm64 1.5.0-4ubuntu2.2firefly8
2025-02-24 07:46:13 status installed librockchip-mpp1:arm64 1.5.0-4ubuntu2.2firefly8
2025-02-24 07:46:13 configure ffmedia-demo:arm64 2.0.0 <none>
2025-02-24 07:46:13 status unpacked ffmedia-demo:arm64 2.0.0
2025-02-24 07:46:13 status half-configured ffmedia-demo:arm64 2.0.0
2025-02-24 07:46:13 status installed ffmedia-demo:arm64 2.0.0
2025-02-24 07:46:13 configure librockchip-vpu0:arm64 1.5.0-4ubuntu2.2firefly8 <none>
2025-02-24 07:46:13 status unpacked librockchip-vpu0:arm64 1.5.0-4ubuntu2.2firefly8
2025-02-24 07:46:13 status half-configured librockchip-vpu0:arm64 1.5.0-4ubuntu2.2firefly8
2025-02-24 07:46:13 status installed librockchip-vpu0:arm64 1.5.0-4ubuntu2.2firefly8
2025-02-24 07:46:13 configure libmysqlclient21:arm64 8.0.41-0ubuntu0.20.04.1 <none>
2025-02-24 07:46:13 status unpacked libmysqlclient21:arm64 8.0.41-0ubuntu0.20.04.1
2025-02-24 07:46:13 status half-configured libmysqlclient21:arm64 8.0.41-0ubuntu0.20.04.1
2025-02-24 07:46:14 status installed libmysqlclient21:arm64 8.0.41-0ubuntu0.20.04.1
2025-02-24 07:46:14 configure libpython3.8-minimal:arm64 3.8.10-0ubuntu1~20.04.15 <none>
2025-02-24 07:46:14 status unpacked libpython3.8-minimal:arm64 3.8.10-0ubuntu1~20.04.15
2025-02-24 07:46:14 status half-configured libpython3.8-minimal:arm64 3.8.10-0ubuntu1~20.04.15
2025-02-24 07:46:14 status installed libpython3.8-minimal:arm64 3.8.10-0ubuntu1~20.04.15
2025-02-24 07:46:14 configure libharfbuzz-icu0:arm64 2.6.4-1ubuntu4.3 <none>
2025-02-24 07:46:14 status unpacked libharfbuzz-icu0:arm64 2.6.4-1ubuntu4.3
2025-02-24 07:46:14 status half-configured libharfbuzz-icu0:arm64 2.6.4-1ubuntu4.3
2025-02-24 07:46:15 status installed libharfbuzz-icu0:arm64 2.6.4-1ubuntu4.3
2025-02-24 07:46:15 configure libarchive13:arm64 3.4.0-2ubuntu1.4 <none>
2025-02-24 07:46:15 status unpacked libarchive13:arm64 3.4.0-2ubuntu1.4
2025-02-24 07:46:15 status half-configured libarchive13:arm64 3.4.0-2ubuntu1.4
2025-02-24 07:46:15 status installed libarchive13:arm64 3.4.0-2ubuntu1.4
2025-02-24 07:46:15 configure libglib2.0-bin:arm64 2.64.6-1~ubuntu20.04.8 <none>
2025-02-24 07:46:15 status unpacked libglib2.0-bin:arm64 2.64.6-1~ubuntu20.04.8
2025-02-24 07:46:16 status half-configured libglib2.0-bin:arm64 2.64.6-1~ubuntu20.04.8
2025-02-24 07:46:16 status installed libglib2.0-bin:arm64 2.64.6-1~ubuntu20.04.8
2025-02-24 07:46:16 configure e2fsprogs:arm64 1.45.5-2ubuntu1.2 <none>
2025-02-24 07:46:16 status unpacked e2fsprogs:arm64 1.45.5-2ubuntu1.2
2025-02-24 07:46:16 status half-configured e2fsprogs:arm64 1.45.5-2ubuntu1.2
2025-02-24 07:46:18 status installed e2fsprogs:arm64 1.45.5-2ubuntu1.2
2025-02-24 07:46:18 configure libpoppler97:arm64 0.86.1-0ubuntu1.5 <none>
2025-02-24 07:46:18 status unpacked libpoppler97:arm64 0.86.1-0ubuntu1.5
2025-02-24 07:46:18 status half-configured libpoppler97:arm64 0.86.1-0ubuntu1.5
2025-02-24 07:46:19 status installed libpoppler97:arm64 0.86.1-0ubuntu1.5
2025-02-24 07:46:19 configure vim-tiny:arm64 2:8.1.2269-1ubuntu5.31 <none>
2025-02-24 07:46:19 status unpacked vim-tiny:arm64 2:8.1.2269-1ubuntu5.31
2025-02-24 07:46:19 status half-configured vim-tiny:arm64 2:8.1.2269-1ubuntu5.31
2025-02-24 07:46:20 status installed vim-tiny:arm64 2:8.1.2269-1ubuntu5.31
2025-02-24 07:46:20 configure libpython2.7-stdlib:arm64 2.7.18-1~20.04.7 <none>
2025-02-24 07:46:20 status unpacked libpython2.7-stdlib:arm64 2.7.18-1~20.04.7
2025-02-24 07:46:20 status half-configured libpython2.7-stdlib:arm64 2.7.18-1~20.04.7
2025-02-24 07:46:20 status installed libpython2.7-stdlib:arm64 2.7.18-1~20.04.7
2025-02-24 07:46:20 configure ca-certificates:all 20240203~20.04.1 <none>
2025-02-24 07:46:20 status unpacked ca-certificates:all 20240203~20.04.1
2025-02-24 07:46:20 status half-configured ca-certificates:all 20240203~20.04.1
2025-02-24 07:47:11 status installed ca-certificates:all 20240203~20.04.1
2025-02-24 07:47:11 status triggers-pending ca-certificates:all 20240203~20.04.1
2025-02-24 07:47:11 configure rockchip-mpp-demos:arm64 1.5.0-4ubuntu2.2firefly8 <none>
2025-02-24 07:47:11 status unpacked rockchip-mpp-demos:arm64 1.5.0-4ubuntu2.2firefly8
2025-02-24 07:47:11 status half-configured rockchip-mpp-demos:arm64 1.5.0-4ubuntu2.2firefly8
2025-02-24 07:47:11 status installed rockchip-mpp-demos:arm64 1.5.0-4ubuntu2.2firefly8
2025-02-24 07:47:11 configure librockchip-mpp-dev:arm64 1.5.0-4ubuntu2.2firefly8 <none>
2025-02-24 07:47:11 status unpacked librockchip-mpp-dev:arm64 1.5.0-4ubuntu2.2firefly8
2025-02-24 07:47:12 status half-configured librockchip-mpp-dev:arm64 1.5.0-4ubuntu2.2firefly8
2025-02-24 07:47:12 status installed librockchip-mpp-dev:arm64 1.5.0-4ubuntu2.2firefly8
2025-02-24 07:47:12 configure libgssapi-krb5-2:arm64 1.17-6ubuntu4.8 <none>
2025-02-24 07:47:12 status unpacked libgssapi-krb5-2:arm64 1.17-6ubuntu4.8
2025-02-24 07:47:12 status half-configured libgssapi-krb5-2:arm64 1.17-6ubuntu4.8
2025-02-24 07:47:12 status installed libgssapi-krb5-2:arm64 1.17-6ubuntu4.8
2025-02-24 07:47:12 configure libcups2:arm64 2.3.1-9ubuntu1.9 <none>
2025-02-24 07:47:12 status unpacked libcups2:arm64 2.3.1-9ubuntu1.9
2025-02-24 07:47:12 status half-configured libcups2:arm64 2.3.1-9ubuntu1.9
2025-02-24 07:47:12 status installed libcups2:arm64 2.3.1-9ubuntu1.9
2025-02-24 07:47:12 configure python3.8-minimal:arm64 3.8.10-0ubuntu1~20.04.15 <none>
2025-02-24 07:47:12 status unpacked python3.8-minimal:arm64 3.8.10-0ubuntu1~20.04.15
2025-02-24 07:47:12 status half-configured python3.8-minimal:arm64 3.8.10-0ubuntu1~20.04.15
2025-02-24 07:47:15 status installed python3.8-minimal:arm64 3.8.10-0ubuntu1~20.04.15
2025-02-24 07:47:15 configure libc6-dev:arm64 2.31-0ubuntu9.17 <none>
2025-02-24 07:47:15 status unpacked libc6-dev:arm64 2.31-0ubuntu9.17
2025-02-24 07:47:15 status half-configured libc6-dev:arm64 2.31-0ubuntu9.17
2025-02-24 07:47:15 status installed libc6-dev:arm64 2.31-0ubuntu9.17
2025-02-24 07:47:16 configure ubuntu-advantage-tools:all 34~20.04 <none>
2025-02-24 07:47:16 status unpacked ubuntu-advantage-tools:all 34~20.04
2025-02-24 07:47:16 status half-configured ubuntu-advantage-tools:all 34~20.04
2025-02-24 07:47:20 status installed ubuntu-advantage-tools:all 34~20.04
2025-02-24 07:47:20 configure libpython3.8-stdlib:arm64 3.8.10-0ubuntu1~20.04.15 <none>
2025-02-24 07:47:20 status unpacked libpython3.8-stdlib:arm64 3.8.10-0ubuntu1~20.04.15
2025-02-24 07:47:20 status half-configured libpython3.8-stdlib:arm64 3.8.10-0ubuntu1~20.04.15
2025-02-24 07:47:20 status installed libpython3.8-stdlib:arm64 3.8.10-0ubuntu1~20.04.15
2025-02-24 07:47:20 configure python3.8:arm64 3.8.10-0ubuntu1~20.04.15 <none>
2025-02-24 07:47:20 status unpacked python3.8:arm64 3.8.10-0ubuntu1~20.04.15
2025-02-24 07:47:20 status half-configured python3.8:arm64 3.8.10-0ubuntu1~20.04.15
2025-02-24 07:47:23 status installed python3.8:arm64 3.8.10-0ubuntu1~20.04.15
2025-02-24 07:47:23 configure libpoppler-glib8:arm64 0.86.1-0ubuntu1.5 <none>
2025-02-24 07:47:23 status unpacked libpoppler-glib8:arm64 0.86.1-0ubuntu1.5
2025-02-24 07:47:23 status half-configured libpoppler-glib8:arm64 0.86.1-0ubuntu1.5
2025-02-24 07:47:24 status installed libpoppler-glib8:arm64 0.86.1-0ubuntu1.5
2025-02-24 07:47:24 configure libsoup2.4-1:arm64 2.70.0-1ubuntu0.1 <none>
2025-02-24 07:47:24 status unpacked libsoup2.4-1:arm64 2.70.0-1ubuntu0.1
2025-02-24 07:47:24 status half-configured libsoup2.4-1:arm64 2.70.0-1ubuntu0.1
2025-02-24 07:47:24 status installed libsoup2.4-1:arm64 2.70.0-1ubuntu0.1
2025-02-24 07:47:24 configure libgs9:arm64 9.50~dfsg-5ubuntu4.14 <none>
2025-02-24 07:47:24 status unpacked libgs9:arm64 9.50~dfsg-5ubuntu4.14
2025-02-24 07:47:24 status half-configured libgs9:arm64 9.50~dfsg-5ubuntu4.14
2025-02-24 07:47:24 status installed libgs9:arm64 9.50~dfsg-5ubuntu4.14
2025-02-24 07:47:24 configure python2.7:arm64 2.7.18-1~20.04.7 <none>
2025-02-24 07:47:24 status unpacked python2.7:arm64 2.7.18-1~20.04.7
2025-02-24 07:47:24 status half-configured python2.7:arm64 2.7.18-1~20.04.7
2025-02-24 07:47:28 status installed python2.7:arm64 2.7.18-1~20.04.7
2025-02-24 07:47:28 configure openssh-client:arm64 1:8.2p1-4ubuntu0.12 <none>
2025-02-24 07:47:28 status unpacked openssh-client:arm64 1:8.2p1-4ubuntu0.12
2025-02-24 07:47:28 status half-configured openssh-client:arm64 1:8.2p1-4ubuntu0.12
2025-02-24 07:47:28 status installed openssh-client:arm64 1:8.2p1-4ubuntu0.12
2025-02-24 07:47:28 configure libpq5:arm64 12.22-0ubuntu0.20.04.1 <none>
2025-02-24 07:47:28 status unpacked libpq5:arm64 12.22-0ubuntu0.20.04.1
2025-02-24 07:47:29 status half-configured libpq5:arm64 12.22-0ubuntu0.20.04.1
2025-02-24 07:47:29 status installed libpq5:arm64 12.22-0ubuntu0.20.04.1
2025-02-24 07:47:29 configure ghostscript:arm64 9.50~dfsg-5ubuntu4.14 <none>
2025-02-24 07:47:29 status unpacked ghostscript:arm64 9.50~dfsg-5ubuntu4.14
2025-02-24 07:47:29 status half-configured ghostscript:arm64 9.50~dfsg-5ubuntu4.14
2025-02-24 07:47:29 status installed ghostscript:arm64 9.50~dfsg-5ubuntu4.14
2025-02-24 07:47:29 configure libpython3.8:arm64 3.8.10-0ubuntu1~20.04.15 <none>
2025-02-24 07:47:29 status unpacked libpython3.8:arm64 3.8.10-0ubuntu1~20.04.15
2025-02-24 07:47:29 status half-configured libpython3.8:arm64 3.8.10-0ubuntu1~20.04.15
2025-02-24 07:47:29 status installed libpython3.8:arm64 3.8.10-0ubuntu1~20.04.15
2025-02-24 07:47:29 configure update-manager-core:all 1:20.04.10.23 <none>
2025-02-24 07:47:29 status unpacked update-manager-core:all 1:20.04.10.23
2025-02-24 07:47:30 status half-configured update-manager-core:all 1:20.04.10.23
2025-02-24 07:47:30 status installed update-manager-core:all 1:20.04.10.23
2025-02-24 07:47:30 configure libsoup-gnome2.4-1:arm64 2.70.0-1ubuntu0.1 <none>
2025-02-24 07:47:30 status unpacked libsoup-gnome2.4-1:arm64 2.70.0-1ubuntu0.1
2025-02-24 07:47:30 status half-configured libsoup-gnome2.4-1:arm64 2.70.0-1ubuntu0.1
2025-02-24 07:47:30 status installed libsoup-gnome2.4-1:arm64 2.70.0-1ubuntu0.1
2025-02-24 07:47:30 configure openssh-sftp-server:arm64 1:8.2p1-4ubuntu0.12 <none>
2025-02-24 07:47:30 status unpacked openssh-sftp-server:arm64 1:8.2p1-4ubuntu0.12
2025-02-24 07:47:30 status half-configured openssh-sftp-server:arm64 1:8.2p1-4ubuntu0.12
2025-02-24 07:47:30 status installed openssh-sftp-server:arm64 1:8.2p1-4ubuntu0.12
2025-02-24 07:47:30 configure vim:arm64 2:8.1.2269-1ubuntu5.31 <none>
2025-02-24 07:47:30 status unpacked vim:arm64 2:8.1.2269-1ubuntu5.31
2025-02-24 07:47:31 status half-configured vim:arm64 2:8.1.2269-1ubuntu5.31
2025-02-24 07:47:32 status installed vim:arm64 2:8.1.2269-1ubuntu5.31
2025-02-24 07:47:32 configure openssh-server:arm64 1:8.2p1-4ubuntu0.12 <none>
2025-02-24 07:47:32 status unpacked openssh-server:arm64 1:8.2p1-4ubuntu0.12
2025-02-24 07:47:32 status half-configured openssh-server:arm64 1:8.2p1-4ubuntu0.12
2025-02-24 07:47:38 status installed openssh-server:arm64 1:8.2p1-4ubuntu0.12
2025-02-24 07:47:38 configure update-manager:all 1:20.04.10.23 <none>
2025-02-24 07:47:38 status unpacked update-manager:all 1:20.04.10.23
2025-02-24 07:47:38 status half-configured update-manager:all 1:20.04.10.23
2025-02-24 07:47:40 status installed update-manager:all 1:20.04.10.23
2025-02-24 07:47:40 configure samba-libs:arm64 2:4.15.13+dfsg-0ubuntu0.20.04.8 <none>
2025-02-24 07:47:40 status unpacked samba-libs:arm64 2:4.15.13+dfsg-0ubuntu0.20.04.8
2025-02-24 07:47:40 status half-configured samba-libs:arm64 2:4.15.13+dfsg-0ubuntu0.20.04.8
2025-02-24 07:47:40 status installed samba-libs:arm64 2:4.15.13+dfsg-0ubuntu0.20.04.8
2025-02-24 07:47:40 configure ghostscript-x:arm64 9.50~dfsg-5ubuntu4.14 <none>
2025-02-24 07:47:40 status unpacked ghostscript-x:arm64 9.50~dfsg-5ubuntu4.14
2025-02-24 07:47:40 status half-configured ghostscript-x:arm64 9.50~dfsg-5ubuntu4.14
2025-02-24 07:47:40 status installed ghostscript-x:arm64 9.50~dfsg-5ubuntu4.14
2025-02-24 07:47:41 configure gir1.2-soup-2.4:arm64 2.70.0-1ubuntu0.1 <none>
2025-02-24 07:47:41 status unpacked gir1.2-soup-2.4:arm64 2.70.0-1ubuntu0.1
2025-02-24 07:47:41 status half-configured gir1.2-soup-2.4:arm64 2.70.0-1ubuntu0.1
2025-02-24 07:47:41 status installed gir1.2-soup-2.4:arm64 2.70.0-1ubuntu0.1
2025-02-24 07:47:41 configure libsmbclient:arm64 2:4.15.13+dfsg-0ubuntu0.20.04.8 <none>
2025-02-24 07:47:41 status unpacked libsmbclient:arm64 2:4.15.13+dfsg-0ubuntu0.20.04.8
2025-02-24 07:47:41 status half-configured libsmbclient:arm64 2:4.15.13+dfsg-0ubuntu0.20.04.8
2025-02-24 07:47:41 status installed libsmbclient:arm64 2:4.15.13+dfsg-0ubuntu0.20.04.8
2025-02-24 07:47:41 trigproc desktop-file-utils:arm64 0.24-1ubuntu3 <none>
2025-02-24 07:47:41 status half-configured desktop-file-utils:arm64 0.24-1ubuntu3
2025-02-24 07:47:41 status installed desktop-file-utils:arm64 0.24-1ubuntu3
2025-02-24 07:47:41 trigproc mime-support:all 3.64ubuntu1 <none>
2025-02-24 07:47:41 status half-configured mime-support:all 3.64ubuntu1
2025-02-24 07:47:42 status installed mime-support:all 3.64ubuntu1
2025-02-24 07:47:42 trigproc hicolor-icon-theme:all 0.17-2 <none>
2025-02-24 07:47:42 status half-configured hicolor-icon-theme:all 0.17-2
2025-02-24 07:47:42 status installed hicolor-icon-theme:all 0.17-2
2025-02-24 07:47:43 trigproc libc-bin:arm64 2.31-0ubuntu9.17 <none>
2025-02-24 07:47:43 status half-configured libc-bin:arm64 2.31-0ubuntu9.17
2025-02-24 07:47:43 status installed libc-bin:arm64 2.31-0ubuntu9.17
2025-02-24 07:47:43 trigproc systemd:arm64 245.4-4ubuntu4.16 <none>
2025-02-24 07:47:43 status half-configured systemd:arm64 245.4-4ubuntu4.16
2025-02-24 07:47:43 status installed systemd:arm64 245.4-4ubuntu4.16
2025-02-24 07:47:43 trigproc dbus:arm64 1.12.16-2ubuntu2.3 <none>
2025-02-24 07:47:43 status half-configured dbus:arm64 1.12.16-2ubuntu2.3
2025-02-24 07:47:43 status installed dbus:arm64 1.12.16-2ubuntu2.3
2025-02-24 07:47:43 trigproc bamfdaemon:arm64 0.5.3+18.04.20180207.2-0ubuntu2 <none>
2025-02-24 07:47:43 status half-configured bamfdaemon:arm64 0.5.3+18.04.20180207.2-0ubuntu2
2025-02-24 07:47:44 status installed bamfdaemon:arm64 0.5.3+18.04.20180207.2-0ubuntu2
2025-02-24 07:47:44 trigproc ca-certificates:all 20240203~20.04.1 <none>
2025-02-24 07:47:44 status half-configured ca-certificates:all 20240203~20.04.1
2025-02-24 07:47:56 status installed ca-certificates:all 20240203~20.04.1
2025-02-24 07:49:42 startup archives unpack
2025-02-24 07:49:42 install ftp:arm64 <none> 0.17-34.1
2025-02-24 07:49:42 status half-installed ftp:arm64 0.17-34.1
2025-02-24 07:49:43 status unpacked ftp:arm64 0.17-34.1
2025-02-24 07:49:43 install tcpdump:arm64 <none> 4.9.3-4ubuntu0.3
2025-02-24 07:49:43 status half-installed tcpdump:arm64 4.9.3-4ubuntu0.3
2025-02-24 07:49:44 status unpacked tcpdump:arm64 4.9.3-4ubuntu0.3
2025-02-24 07:49:44 install libc++abi1-10:arm64 <none> 1:10.0.0-4ubuntu1
2025-02-24 07:49:44 status triggers-pending libc-bin:arm64 2.31-0ubuntu9.17
2025-02-24 07:49:44 status half-installed libc++abi1-10:arm64 1:10.0.0-4ubuntu1
2025-02-24 07:49:44 status unpacked libc++abi1-10:arm64 1:10.0.0-4ubuntu1
2025-02-24 07:49:45 install libc++1-10:arm64 <none> 1:10.0.0-4ubuntu1
2025-02-24 07:49:45 status half-installed libc++1-10:arm64 1:10.0.0-4ubuntu1
2025-02-24 07:49:45 status unpacked libc++1-10:arm64 1:10.0.0-4ubuntu1
2025-02-24 07:49:46 install libc++1:arm64 <none> 1:10.0-50~exp1
2025-02-24 07:49:46 status half-installed libc++1:arm64 1:10.0-50~exp1
2025-02-24 07:49:46 status unpacked libc++1:arm64 1:10.0-50~exp1
2025-02-24 07:49:47 install libc++abi1:arm64 <none> 1:10.0-50~exp1
2025-02-24 07:49:47 status half-installed libc++abi1:arm64 1:10.0-50~exp1
2025-02-24 07:49:47 status unpacked libc++abi1:arm64 1:10.0-50~exp1
2025-02-24 07:49:47 install libjpeg62-turbo:arm64 <none> 1:1.5.2-2+deb10u1
2025-02-24 07:49:47 status half-installed libjpeg62-turbo:arm64 1:1.5.2-2+deb10u1
2025-02-24 07:49:48 status unpacked libjpeg62-turbo:arm64 1:1.5.2-2+deb10u1
2025-02-24 07:49:48 upgrade chromium-x11:arm64 120.0.6099.224 120.0.6099.224
2025-02-24 07:49:48 status half-configured chromium-x11:arm64 120.0.6099.224
2025-02-24 07:49:49 status unpacked chromium-x11:arm64 120.0.6099.224
2025-02-24 07:49:49 status half-installed chromium-x11:arm64 120.0.6099.224
2025-02-24 07:50:04 status triggers-pending bamfdaemon:arm64 0.5.3+18.04.20180207.2-0ubuntu2
2025-02-24 07:50:06 status triggers-pending desktop-file-utils:arm64 0.24-1ubuntu3
2025-02-24 07:50:06 status triggers-pending mime-support:all 3.64ubuntu1
2025-02-24 07:50:06 status triggers-pending hicolor-icon-theme:all 0.17-2
2025-02-24 07:50:06 status unpacked chromium-x11:arm64 120.0.6099.224
2025-02-24 07:50:07 install ifupdown:arm64 <none> 0.8.35ubuntu1
2025-02-24 07:50:07 status half-installed ifupdown:arm64 0.8.35ubuntu1
2025-02-24 07:50:08 status triggers-pending systemd:arm64 245.4-4ubuntu4.16
2025-02-24 07:50:08 status unpacked ifupdown:arm64 0.8.35ubuntu1
2025-02-24 07:50:09 install tree:arm64 <none> 1.8.0-1
2025-02-24 07:50:09 status half-installed tree:arm64 1.8.0-1
2025-02-24 07:50:09 status unpacked tree:arm64 1.8.0-1
2025-02-24 07:50:09 install tftp-hpa:arm64 <none> 5.2+20150808-1ubuntu4
2025-02-24 07:50:09 status half-installed tftp-hpa:arm64 5.2+20150808-1ubuntu4
2025-02-24 07:50:10 status unpacked tftp-hpa:arm64 5.2+20150808-1ubuntu4
2025-02-24 07:50:11 install tftpd-hpa:arm64 <none> 5.2+20150808-1ubuntu4
2025-02-24 07:50:11 status half-installed tftpd-hpa:arm64 5.2+20150808-1ubuntu4
2025-02-24 07:50:11 status unpacked tftpd-hpa:arm64 5.2+20150808-1ubuntu4
2025-02-24 07:50:11 startup packages configure
2025-02-24 07:50:11 configure tcpdump:arm64 4.9.3-4ubuntu0.3 <none>
2025-02-24 07:50:11 status unpacked tcpdump:arm64 4.9.3-4ubuntu0.3
2025-02-24 07:50:12 status half-configured tcpdump:arm64 4.9.3-4ubuntu0.3
2025-02-24 07:50:14 status installed tcpdump:arm64 4.9.3-4ubuntu0.3
2025-02-24 07:50:14 configure libjpeg62-turbo:arm64 1:1.5.2-2+deb10u1 <none>
2025-02-24 07:50:14 status unpacked libjpeg62-turbo:arm64 1:1.5.2-2+deb10u1
2025-02-24 07:50:14 status half-configured libjpeg62-turbo:arm64 1:1.5.2-2+deb10u1
2025-02-24 07:50:14 status installed libjpeg62-turbo:arm64 1:1.5.2-2+deb10u1
2025-02-24 07:50:14 configure ifupdown:arm64 0.8.35ubuntu1 <none>
2025-02-24 07:50:14 status unpacked ifupdown:arm64 0.8.35ubuntu1
2025-02-24 07:50:14 status half-configured ifupdown:arm64 0.8.35ubuntu1
2025-02-24 07:50:17 status installed ifupdown:arm64 0.8.35ubuntu1
2025-02-24 07:50:18 configure tree:arm64 1.8.0-1 <none>
2025-02-24 07:50:18 status unpacked tree:arm64 1.8.0-1
2025-02-24 07:50:18 status half-configured tree:arm64 1.8.0-1
2025-02-24 07:50:18 status installed tree:arm64 1.8.0-1
2025-02-24 07:50:18 configure ftp:arm64 0.17-34.1 <none>
2025-02-24 07:50:18 status unpacked ftp:arm64 0.17-34.1
2025-02-24 07:50:18 status half-configured ftp:arm64 0.17-34.1
2025-02-24 07:50:18 status installed ftp:arm64 0.17-34.1
2025-02-24 07:50:18 configure libc++abi1-10:arm64 1:10.0.0-4ubuntu1 <none>
2025-02-24 07:50:18 status unpacked libc++abi1-10:arm64 1:10.0.0-4ubuntu1
2025-02-24 07:50:18 status half-configured libc++abi1-10:arm64 1:10.0.0-4ubuntu1
2025-02-24 07:50:18 status installed libc++abi1-10:arm64 1:10.0.0-4ubuntu1
2025-02-24 07:50:18 configure tftpd-hpa:arm64 5.2+20150808-1ubuntu4 <none>
2025-02-24 07:50:18 status unpacked tftpd-hpa:arm64 5.2+20150808-1ubuntu4
2025-02-24 07:50:19 status half-configured tftpd-hpa:arm64 5.2+20150808-1ubuntu4
2025-02-24 07:50:22 status installed tftpd-hpa:arm64 5.2+20150808-1ubuntu4
2025-02-24 07:50:22 configure tftp-hpa:arm64 5.2+20150808-1ubuntu4 <none>
2025-02-24 07:50:22 status unpacked tftp-hpa:arm64 5.2+20150808-1ubuntu4
2025-02-24 07:50:22 status half-configured tftp-hpa:arm64 5.2+20150808-1ubuntu4
2025-02-24 07:50:22 status installed tftp-hpa:arm64 5.2+20150808-1ubuntu4
2025-02-24 07:50:22 configure libc++1-10:arm64 1:10.0.0-4ubuntu1 <none>
2025-02-24 07:50:22 status unpacked libc++1-10:arm64 1:10.0.0-4ubuntu1
2025-02-24 07:50:23 status half-configured libc++1-10:arm64 1:10.0.0-4ubuntu1
2025-02-24 07:50:23 status installed libc++1-10:arm64 1:10.0.0-4ubuntu1
2025-02-24 07:50:23 configure libc++abi1:arm64 1:10.0-50~exp1 <none>
2025-02-24 07:50:23 status unpacked libc++abi1:arm64 1:10.0-50~exp1
2025-02-24 07:50:23 status half-configured libc++abi1:arm64 1:10.0-50~exp1
2025-02-24 07:50:23 status installed libc++abi1:arm64 1:10.0-50~exp1
2025-02-24 07:50:23 configure libc++1:arm64 1:10.0-50~exp1 <none>
2025-02-24 07:50:23 status unpacked libc++1:arm64 1:10.0-50~exp1
2025-02-24 07:50:23 status half-configured libc++1:arm64 1:10.0-50~exp1
2025-02-24 07:50:23 status installed libc++1:arm64 1:10.0-50~exp1
2025-02-24 07:50:23 configure chromium-x11:arm64 120.0.6099.224 <none>
2025-02-24 07:50:23 status unpacked chromium-x11:arm64 120.0.6099.224
2025-02-24 07:50:23 status half-configured chromium-x11:arm64 120.0.6099.224
2025-02-24 07:50:24 status installed chromium-x11:arm64 120.0.6099.224
2025-02-24 07:50:24 trigproc desktop-file-utils:arm64 0.24-1ubuntu3 <none>
2025-02-24 07:50:24 status half-configured desktop-file-utils:arm64 0.24-1ubuntu3
2025-02-24 07:50:24 status installed desktop-file-utils:arm64 0.24-1ubuntu3
2025-02-24 07:50:24 trigproc mime-support:all 3.64ubuntu1 <none>
2025-02-24 07:50:24 status half-configured mime-support:all 3.64ubuntu1
2025-02-24 07:50:25 status installed mime-support:all 3.64ubuntu1
2025-02-24 07:50:25 trigproc hicolor-icon-theme:all 0.17-2 <none>
2025-02-24 07:50:25 status half-configured hicolor-icon-theme:all 0.17-2
2025-02-24 07:50:25 status installed hicolor-icon-theme:all 0.17-2
2025-02-24 07:50:25 trigproc libc-bin:arm64 2.31-0ubuntu9.17 <none>
2025-02-24 07:50:25 status half-configured libc-bin:arm64 2.31-0ubuntu9.17
2025-02-24 07:50:25 status installed libc-bin:arm64 2.31-0ubuntu9.17
2025-02-24 07:50:26 trigproc systemd:arm64 245.4-4ubuntu4.16 <none>
2025-02-24 07:50:26 status half-configured systemd:arm64 245.4-4ubuntu4.16
2025-02-24 07:50:26 status installed systemd:arm64 245.4-4ubuntu4.16
2025-02-24 07:50:26 trigproc bamfdaemon:arm64 0.5.3+18.04.20180207.2-0ubuntu2 <none>
2025-02-24 07:50:26 status half-configured bamfdaemon:arm64 0.5.3+18.04.20180207.2-0ubuntu2
2025-02-24 07:50:26 status installed bamfdaemon:arm64 0.5.3+18.04.20180207.2-0ubuntu2
2025-02-24 07:50:36 startup packages remove
2025-02-24 07:50:36 status installed xubuntu-desktop:arm64 2.239firefly2
2025-02-24 07:50:37 remove xubuntu-desktop:arm64 2.239firefly2 <none>
2025-02-24 07:50:37 status half-configured xubuntu-desktop:arm64 2.239firefly2
2025-02-24 07:50:37 status half-installed xubuntu-desktop:arm64 2.239firefly2
2025-02-24 07:50:37 status config-files xubuntu-desktop:arm64 2.239firefly2
2025-02-24 07:50:37 status not-installed xubuntu-desktop:arm64 <none>
2025-02-24 07:50:38 status installed xfce4-screensaver:arm64 0.1.10-0ubuntu1
2025-02-24 07:50:38 remove xfce4-screensaver:arm64 0.1.10-0ubuntu1 <none>
2025-02-24 07:50:38 status half-configured xfce4-screensaver:arm64 0.1.10-0ubuntu1
2025-02-24 07:50:38 status half-installed xfce4-screensaver:arm64 0.1.10-0ubuntu1
2025-02-24 07:50:38 status triggers-pending bamfdaemon:arm64 0.5.3+18.04.20180207.2-0ubuntu2
2025-02-24 07:50:38 status triggers-pending desktop-file-utils:arm64 0.24-1ubuntu3
2025-02-24 07:50:38 status triggers-pending mime-support:all 3.64ubuntu1
2025-02-24 07:50:38 status config-files xfce4-screensaver:arm64 0.1.10-0ubuntu1
2025-02-24 07:50:39 startup packages configure
2025-02-24 07:50:39 trigproc desktop-file-utils:arm64 0.24-1ubuntu3 <none>
2025-02-24 07:50:39 status half-configured desktop-file-utils:arm64 0.24-1ubuntu3
2025-02-24 07:50:39 status installed desktop-file-utils:arm64 0.24-1ubuntu3
2025-02-24 07:50:39 trigproc mime-support:all 3.64ubuntu1 <none>
2025-02-24 07:50:39 status half-configured mime-support:all 3.64ubuntu1
2025-02-24 07:50:40 status installed mime-support:all 3.64ubuntu1
2025-02-24 07:50:40 trigproc bamfdaemon:arm64 0.5.3+18.04.20180207.2-0ubuntu2 <none>
2025-02-24 07:50:40 status half-configured bamfdaemon:arm64 0.5.3+18.04.20180207.2-0ubuntu2
2025-02-24 07:50:40 status installed bamfdaemon:arm64 0.5.3+18.04.20180207.2-0ubuntu2
2025-02-24 07:50:41 startup packages purge
2025-02-24 07:50:41 purge xfce4-screensaver:arm64 0.1.10-0ubuntu1 <none>
2025-02-24 07:50:41 status config-files xfce4-screensaver:arm64 0.1.10-0ubuntu1
2025-02-24 07:50:42 status not-installed xfce4-screensaver:arm64 <none>
2025-02-24 07:50:42 startup packages configure
2026-02-04 15:46:05 startup archives unpack
2026-02-04 15:46:07 upgrade libc6-dev:arm64 2.31-0ubuntu9.17 2.31-0ubuntu9.18
2026-02-04 15:46:07 status half-configured libc6-dev:arm64 2.31-0ubuntu9.17
2026-02-04 15:46:07 status unpacked libc6-dev:arm64 2.31-0ubuntu9.17
2026-02-04 15:46:07 status half-installed libc6-dev:arm64 2.31-0ubuntu9.17
2026-02-04 15:46:40 status unpacked libc6-dev:arm64 2.31-0ubuntu9.18
2026-02-04 15:46:41 upgrade libc-dev-bin:arm64 2.31-0ubuntu9.17 2.31-0ubuntu9.18
2026-02-04 15:46:41 status half-configured libc-dev-bin:arm64 2.31-0ubuntu9.17
2026-02-04 15:46:41 status unpacked libc-dev-bin:arm64 2.31-0ubuntu9.17
2026-02-04 15:46:41 status half-installed libc-dev-bin:arm64 2.31-0ubuntu9.17
2026-02-04 15:46:42 status unpacked libc-dev-bin:arm64 2.31-0ubuntu9.18
2026-02-04 15:46:43 upgrade libc6:arm64 2.31-0ubuntu9.17 2.31-0ubuntu9.18
2026-02-04 15:46:43 status triggers-pending libc-bin:arm64 2.31-0ubuntu9.17
2026-02-04 15:46:43 status half-configured libc6:arm64 2.31-0ubuntu9.17
2026-02-04 15:46:43 status unpacked libc6:arm64 2.31-0ubuntu9.17
2026-02-04 15:46:43 status half-installed libc6:arm64 2.31-0ubuntu9.17
2026-02-04 15:47:03 status unpacked libc6:arm64 2.31-0ubuntu9.18
2026-02-04 15:47:04 startup packages configure
2026-02-04 15:47:04 configure libc6:arm64 2.31-0ubuntu9.18 <none>
2026-02-04 15:47:04 status unpacked libc6:arm64 2.31-0ubuntu9.18
2026-02-04 15:47:04 status half-configured libc6:arm64 2.31-0ubuntu9.18
2026-02-04 15:47:07 status installed libc6:arm64 2.31-0ubuntu9.18
2026-02-04 15:47:08 startup archives unpack
2026-02-04 15:47:08 install libssl-dev:arm64 <none> 1.1.1f-1ubuntu2.24
2026-02-04 15:47:08 status half-installed libssl-dev:arm64 1.1.1f-1ubuntu2.24
2026-02-04 15:47:16 status unpacked libssl-dev:arm64 1.1.1f-1ubuntu2.24
2026-02-04 15:47:16 startup packages configure
2026-02-04 15:47:16 configure libssl-dev:arm64 1.1.1f-1ubuntu2.24 <none>
2026-02-04 15:47:16 status unpacked libssl-dev:arm64 1.1.1f-1ubuntu2.24
2026-02-04 15:47:16 status half-configured libssl-dev:arm64 1.1.1f-1ubuntu2.24
2026-02-04 15:47:17 status installed libssl-dev:arm64 1.1.1f-1ubuntu2.24
2026-02-04 15:47:17 configure libc-dev-bin:arm64 2.31-0ubuntu9.18 <none>
2026-02-04 15:47:17 status unpacked libc-dev-bin:arm64 2.31-0ubuntu9.18
2026-02-04 15:47:17 status half-configured libc-dev-bin:arm64 2.31-0ubuntu9.18
2026-02-04 15:47:17 status installed libc-dev-bin:arm64 2.31-0ubuntu9.18
2026-02-04 15:47:17 configure libc6-dev:arm64 2.31-0ubuntu9.18 <none>
2026-02-04 15:47:17 status unpacked libc6-dev:arm64 2.31-0ubuntu9.18
2026-02-04 15:47:17 status half-configured libc6-dev:arm64 2.31-0ubuntu9.18
2026-02-04 15:47:17 status installed libc6-dev:arm64 2.31-0ubuntu9.18
2026-02-04 15:47:17 trigproc libc-bin:arm64 2.31-0ubuntu9.17 <none>
2026-02-04 15:47:17 status half-configured libc-bin:arm64 2.31-0ubuntu9.17
2026-02-04 15:47:23 status installed libc-bin:arm64 2.31-0ubuntu9.17
